2015-06-22 22:44:03.069+0000 INFO  [o.n.s.CommunityNeoServer]: Setting startup timeout to: 120000ms based on 120000
2015-06-22 22:44:03.306+0000 INFO  [o.n.k.InternalAbstractGraphDatabase]: No locking implementation specified, defaulting to 'community'
2015-06-22 22:44:03.386+0000 INFO  [o.n.k.i.DiagnosticsManager]: --- INITIALIZED diagnostics START ---
2015-06-22 22:44:03.388+0000 INFO  [o.n.k.i.DiagnosticsManager]: Neo4j Kernel properties:
2015-06-22 22:44:03.391+0000 INFO  [o.n.k.i.DiagnosticsManager]: remote_shell_host=0.0.0.0
2015-06-22 22:44:03.392+0000 INFO  [o.n.k.i.DiagnosticsManager]: node_auto_indexing=true
2015-06-22 22:44:03.392+0000 INFO  [o.n.k.i.DiagnosticsManager]: store_dir=/var/lib/neo4j/data/graph.db
2015-06-22 22:44:03.392+0000 INFO  [o.n.k.i.DiagnosticsManager]: node_keys_indexable=name,age
2015-06-22 22:44:03.392+0000 INFO  [o.n.k.i.DiagnosticsManager]: remote_shell_enabled=true
2015-06-22 22:44:03.393+0000 INFO  [o.n.k.i.DiagnosticsManager]: Diagnostics providers:
2015-06-22 22:44:03.393+0000 INFO  [o.n.k.i.DiagnosticsManager]: org.neo4j.kernel.configuration.Config
2015-06-22 22:44:03.393+0000 INFO  [o.n.k.i.DiagnosticsManager]: org.neo4j.kernel.info.DiagnosticsManager
2015-06-22 22:44:03.393+0000 INFO  [o.n.k.i.DiagnosticsManager]: SYSTEM_MEMORY
2015-06-22 22:44:03.393+0000 INFO  [o.n.k.i.DiagnosticsManager]: JAVA_MEMORY
2015-06-22 22:44:03.393+0000 INFO  [o.n.k.i.DiagnosticsManager]: OPERATING_SYSTEM
2015-06-22 22:44:03.394+0000 INFO  [o.n.k.i.DiagnosticsManager]: JAVA_VIRTUAL_MACHINE
2015-06-22 22:44:03.394+0000 INFO  [o.n.k.i.DiagnosticsManager]: CLASSPATH
2015-06-22 22:44:03.394+0000 INFO  [o.n.k.i.DiagnosticsManager]: LIBRARY_PATH
2015-06-22 22:44:03.394+0000 INFO  [o.n.k.i.DiagnosticsManager]: SYSTEM_PROPERTIES
2015-06-22 22:44:03.394+0000 INFO  [o.n.k.i.DiagnosticsManager]: LINUX_SCHEDULERS
2015-06-22 22:44:03.394+0000 INFO  [o.n.k.i.DiagnosticsManager]: NETWORK
2015-06-22 22:44:03.394+0000 INFO  [o.n.k.i.DiagnosticsManager]: System memory information:
2015-06-22 22:44:03.397+0000 INFO  [o.n.k.i.DiagnosticsManager]: Total Physical memory: 3.86 GB
2015-06-22 22:44:03.397+0000 INFO  [o.n.k.i.DiagnosticsManager]: Free Physical memory: 2.62 GB
2015-06-22 22:44:03.397+0000 INFO  [o.n.k.i.DiagnosticsManager]: Committed virtual memory: 2.26 GB
2015-06-22 22:44:03.398+0000 INFO  [o.n.k.i.DiagnosticsManager]: Total swap space: 0.00 B
2015-06-22 22:44:03.398+0000 INFO  [o.n.k.i.DiagnosticsManager]: Free swap space: 0.00 B
2015-06-22 22:44:03.398+0000 INFO  [o.n.k.i.DiagnosticsManager]: JVM memory information:
2015-06-22 22:44:03.399+0000 INFO  [o.n.k.i.DiagnosticsManager]: Free  memory: 28.21 MB
2015-06-22 22:44:03.399+0000 INFO  [o.n.k.i.DiagnosticsManager]: Total memory: 59.81 MB
2015-06-22 22:44:03.399+0000 INFO  [o.n.k.i.DiagnosticsManager]: Max   memory: 973.38 MB
2015-06-22 22:44:03.401+0000 INFO  [o.n.k.i.DiagnosticsManager]: Garbage Collector: ParNew: [Par Eden Space, Par Survivor Space]
2015-06-22 22:44:03.401+0000 INFO  [o.n.k.i.DiagnosticsManager]: Garbage Collector: ConcurrentMarkSweep: [Par Eden Space, Par Survivor Space, CMS Old Gen, CMS Perm Gen]
2015-06-22 22:44:03.402+0000 INFO  [o.n.k.i.DiagnosticsManager]: Memory Pool: Code Cache (Non-heap memory): committed=2.44 MB, used=682.44 kB, max=48.00 MB, threshold=0.00 B
2015-06-22 22:44:03.403+0000 INFO  [o.n.k.i.DiagnosticsManager]: Memory Pool: Par Eden Space (Heap memory): committed=16.50 MB, used=15.49 MB, max=133.13 MB, threshold=?
2015-06-22 22:44:03.403+0000 INFO  [o.n.k.i.DiagnosticsManager]: Memory Pool: Par Survivor Space (Heap memory): committed=2.06 MB, used=2.06 MB, max=16.63 MB, threshold=?
2015-06-22 22:44:03.404+0000 INFO  [o.n.k.i.DiagnosticsManager]: Memory Pool: CMS Old Gen (Heap memory): committed=41.25 MB, used=14.05 MB, max=823.63 MB, threshold=0.00 B
2015-06-22 22:44:03.405+0000 INFO  [o.n.k.i.DiagnosticsManager]: Memory Pool: CMS Perm Gen (Non-heap memory): committed=20.75 MB, used=13.08 MB, max=166.00 MB, threshold=0.00 B
2015-06-22 22:44:03.405+0000 INFO  [o.n.k.i.DiagnosticsManager]: Operating system information:
2015-06-22 22:44:03.405+0000 INFO  [o.n.k.i.DiagnosticsManager]: Operating System: Linux; version: 4.0.5; arch: amd64; cpus: 2
2015-06-22 22:44:03.406+0000 INFO  [o.n.k.i.DiagnosticsManager]: Max number of file descriptors: 1048576
2015-06-22 22:44:03.406+0000 INFO  [o.n.k.i.DiagnosticsManager]: Number of open file descriptors: 79
2015-06-22 22:44:03.406+0000 INFO  [o.n.k.i.DiagnosticsManager]: Process id: 92@f3a23ab9bf4a
2015-06-22 22:44:03.406+0000 INFO  [o.n.k.i.DiagnosticsManager]: Byte order: LITTLE_ENDIAN
2015-06-22 22:44:03.406+0000 INFO  [o.n.k.i.DiagnosticsManager]: Local timezone: Etc/UTC
2015-06-22 22:44:03.406+0000 INFO  [o.n.k.i.DiagnosticsManager]: JVM information:
2015-06-22 22:44:03.406+0000 INFO  [o.n.k.i.DiagnosticsManager]: VM Name: OpenJDK 64-Bit Server VM
2015-06-22 22:44:03.407+0000 INFO  [o.n.k.i.DiagnosticsManager]: VM Vendor: Oracle Corporation
2015-06-22 22:44:03.407+0000 INFO  [o.n.k.i.DiagnosticsManager]: VM Version: 24.75-b04
2015-06-22 22:44:03.407+0000 INFO  [o.n.k.i.DiagnosticsManager]: JIT compiler: HotSpot 64-Bit Tiered Compilers
2015-06-22 22:44:03.408+0000 INFO  [o.n.k.i.DiagnosticsManager]: VM Arguments: [-XX:+DisableExplicitGC, -Dorg.neo4j.server.properties=conf/neo4j-server.properties, -Djava.util.logging.config.file=conf/logging.properties, -Dlog4j.configuration=file:conf/log4j.properties, -XX:+UseConcMarkSweepGC, -XX:+CMSClassUnloadingEnabled, -XX:-OmitStackTraceInFastThrow, -XX:hashCode=5, -Dneo4j.ext.udc.source=debian, -Dneo4j.home=/var/lib/neo4j, -Dneo4j.instance=/var/lib/neo4j, -Dfile.encoding=UTF-8]
2015-06-22 22:44:03.408+0000 INFO  [o.n.k.i.DiagnosticsManager]: Java classpath:
2015-06-22 22:44:03.411+0000 INFO  [o.n.k.i.DiagnosticsManager]:  [classpath + loader.0] file:/usr/share/neo4j/system/lib/jetty-io-9.2.4.v20141103.jar
2015-06-22 22:44:03.412+0000 INFO  [o.n.k.i.DiagnosticsManager]:  [loader.1] file:/usr/lib/jvm/java-7-openjdk-amd64/jre/lib/ext/libatk-wrapper.so
2015-06-22 22:44:03.412+0000 INFO  [o.n.k.i.DiagnosticsManager]:  [classpath + loader.0] file:/usr/share/neo4j/system/lib/rhino-1.7R4.jar
2015-06-22 22:44:03.412+0000 INFO  [o.n.k.i.DiagnosticsManager]:  [classpath + loader.0] file:/usr/share/neo4j/system/lib/neo4j-browser-2.2.0.jar
2015-06-22 22:44:03.412+0000 INFO  [o.n.k.i.DiagnosticsManager]:  [classpath + loader.0] file:/usr/share/neo4j/system/lib/commons-io-2.4.jar
2015-06-22 22:44:03.412+0000 INFO  [o.n.k.i.DiagnosticsManager]:  [classpath + loader.0] file:/usr/share/neo4j/system/lib/jetty-webapp-9.2.4.v20141103.jar
2015-06-22 22:44:03.412+0000 INFO  [o.n.k.i.DiagnosticsManager]:  [bootstrap] /usr/lib/jvm/java-7-openjdk-amd64/jre/lib/charsets.jar
2015-06-22 22:44:03.412+0000 INFO  [o.n.k.i.DiagnosticsManager]:  [classpath + loader.0] file:/usr/share/neo4j/system/lib/commons-beanutils-1.8.3.jar
2015-06-22 22:44:03.412+0000 INFO  [o.n.k.i.DiagnosticsManager]:  [bootstrap] /usr/lib/jvm/java-7-openjdk-amd64/jre/lib/sunrsasign.jar
2015-06-22 22:44:03.412+0000 INFO  [o.n.k.i.DiagnosticsManager]:  [classpath + loader.0] file:/usr/share/neo4j/system/lib/jackson-mapper-asl-1.9.13.jar
2015-06-22 22:44:03.412+0000 INFO  [o.n.k.i.DiagnosticsManager]:  [classpath + loader.0] file:/usr/share/neo4j/system/lib/scala-reflect-2.10.4.jar
2015-06-22 22:44:03.412+0000 INFO  [o.n.k.i.DiagnosticsManager]:  [bootstrap] /usr/lib/jvm/java-7-openjdk-amd64/jre/lib/rhino.jar
2015-06-22 22:44:03.412+0000 INFO  [o.n.k.i.DiagnosticsManager]:  [classpath + loader.0] file:/usr/share/neo4j/system/lib/rrd4j-2.2.jar
2015-06-22 22:44:03.412+0000 INFO  [o.n.k.i.DiagnosticsManager]:  [classpath + loader.0] file:/usr/share/neo4j/lib/neo4j-primitive-collections-2.2.0.jar
2015-06-22 22:44:03.412+0000 INFO  [o.n.k.i.DiagnosticsManager]:  [classpath + loader.0] file:/usr/share/neo4j/system/lib/jetty-security-9.2.4.v20141103.jar
2015-06-22 22:44:03.412+0000 INFO  [o.n.k.i.DiagnosticsManager]:  [classpath + loader.0] file:/usr/share/neo4j/lib/neo4j-cypher-2.2.0.jar
2015-06-22 22:44:03.413+0000 INFO  [o.n.k.i.DiagnosticsManager]:  [loader.1] file:/usr/lib/jvm/java-7-openjdk-amd64/jre/lib/ext/zipfs.jar
2015-06-22 22:44:03.413+0000 INFO  [o.n.k.i.DiagnosticsManager]:  [classpath + loader.0] file:/usr/share/neo4j/lib/neo4j-import-tool-2.2.0.jar
2015-06-22 22:44:03.413+0000 INFO  [o.n.k.i.DiagnosticsManager]:  [loader.1] file:/usr/lib/jvm/java-7-openjdk-amd64/jre/lib/ext/sunpkcs11.jar
2015-06-22 22:44:03.413+0000 INFO  [o.n.k.i.DiagnosticsManager]:  [classpath + loader.0] file:/usr/share/neo4j/system/lib/neo4j-server-2.2.0-static-web.jar
2015-06-22 22:44:03.413+0000 INFO  [o.n.k.i.DiagnosticsManager]:  [classpath + loader.0] file:/usr/share/neo4j/system/lib/jackson-jaxrs-1.9.13.jar
2015-06-22 22:44:03.413+0000 INFO  [o.n.k.i.DiagnosticsManager]:  [classpath + loader.0] file:/usr/share/neo4j/lib/neo4j-graph-algo-2.2.0.jar
2015-06-22 22:44:03.413+0000 INFO  [o.n.k.i.DiagnosticsManager]:  [classpath + loader.0] file:/usr/share/neo4j/lib/neo4j-cypher-compiler-1.9-2.0.4.jar
2015-06-22 22:44:03.413+0000 INFO  [o.n.k.i.DiagnosticsManager]:  [classpath + loader.0] file:/usr/share/neo4j/lib/neo4j-cypher-compiler-2.2-2.2.0.jar
2015-06-22 22:44:03.413+0000 INFO  [o.n.k.i.DiagnosticsManager]:  [classpath + loader.0] file:/usr/share/neo4j/system/lib/jersey-multipart-1.18.1.jar
2015-06-22 22:44:03.413+0000 INFO  [o.n.k.i.DiagnosticsManager]:  [classpath + loader.0] file:/usr/share/neo4j/system/lib/jetty-server-9.2.4.v20141103.jar
2015-06-22 22:44:03.413+0000 INFO  [o.n.k.i.DiagnosticsManager]:  [classpath + loader.0] file:/usr/share/neo4j/system/lib/mimepull-1.9.3.jar
2015-06-22 22:44:03.413+0000 INFO  [o.n.k.i.DiagnosticsManager]:  [bootstrap] /usr/lib/jvm/java-7-openjdk-amd64/jre/lib/resources.jar
2015-06-22 22:44:03.413+0000 INFO  [o.n.k.i.DiagnosticsManager]:  [classpath + loader.0] file:/usr/share/neo4j/system/lib/jackson-core-asl-1.9.13.jar
2015-06-22 22:44:03.413+0000 INFO  [o.n.k.i.DiagnosticsManager]:  [classpath + loader.0] file:/usr/share/neo4j/system/lib/commons-configuration-1.10.jar
2015-06-22 22:44:03.413+0000 INFO  [o.n.k.i.DiagnosticsManager]:  [classpath + loader.0] file:/usr/share/neo4j/lib/org.apache.servicemix.bundles.jline-0.9.94_1.jar
2015-06-22 22:44:03.413+0000 INFO  [o.n.k.i.DiagnosticsManager]:  [classpath + loader.0] file:/usr/share/neo4j/lib/opencsv-2.3.jar
2015-06-22 22:44:03.413+0000 INFO  [o.n.k.i.DiagnosticsManager]:  [classpath + loader.0] file:/usr/share/neo4j/lib/parboiled-core-1.1.6.jar
2015-06-22 22:44:03.414+0000 INFO  [o.n.k.i.DiagnosticsManager]:  [classpath + loader.0] file:/usr/share/neo4j/system/lib/jetty-servlet-9.2.4.v20141103.jar
2015-06-22 22:44:03.414+0000 INFO  [o.n.k.i.DiagnosticsManager]:  [classpath + loader.0] file:/usr/share/neo4j/system/lib/jersey-servlet-1.18.1.jar
2015-06-22 22:44:03.414+0000 INFO  [o.n.k.i.DiagnosticsManager]:  [classpath + loader.0] file:/usr/share/neo4j/system/lib/commons-compiler-2.6.1.jar
2015-06-22 22:44:03.414+0000 INFO  [o.n.k.i.DiagnosticsManager]:  [classpath + loader.0] file:/usr/share/neo4j/lib/neo4j-kernel-2.2.0.jar
2015-06-22 22:44:03.414+0000 INFO  [o.n.k.i.DiagnosticsManager]:  [loader.1] file:/usr/lib/jvm/java-7-openjdk-amd64/jre/lib/ext/icedtea-sound.jar
2015-06-22 22:44:03.414+0000 INFO  [o.n.k.i.DiagnosticsManager]:  [classpath + loader.0] file:/usr/share/neo4j/lib/lucene-core-3.6.2.jar
2015-06-22 22:44:03.414+0000 INFO  [o.n.k.i.DiagnosticsManager]:  [loader.1] file:/usr/lib/jvm/java-7-openjdk-amd64/jre/lib/ext/sunjce_provider.jar
2015-06-22 22:44:03.414+0000 INFO  [o.n.k.i.DiagnosticsManager]:  [classpath + loader.0] file:/usr/share/neo4j/system/lib/slf4j-api-1.7.7.jar
2015-06-22 22:44:03.414+0000 INFO  [o.n.k.i.DiagnosticsManager]:  [classpath + loader.0] file:/usr/share/neo4j/lib/neo4j-lucene-index-2.2.0.jar
2015-06-22 22:44:03.414+0000 INFO  [o.n.k.i.DiagnosticsManager]:  [classpath + loader.0] file:/usr/share/neo4j/system/lib/commons-logging-1.1.1.jar
2015-06-22 22:44:03.414+0000 INFO  [o.n.k.i.DiagnosticsManager]:  [classpath + loader.0] file:/usr/share/neo4j/lib/server-api-2.2.0.jar
2015-06-22 22:44:03.414+0000 INFO  [o.n.k.i.DiagnosticsManager]:  [classpath + loader.0] file:/usr/share/neo4j/lib/scala-library-2.10.4.jar
2015-06-22 22:44:03.414+0000 INFO  [o.n.k.i.DiagnosticsManager]:  [bootstrap] /usr/lib/jvm/java-7-openjdk-amd64/jre/lib/jce.jar
2015-06-22 22:44:03.414+0000 INFO  [o.n.k.i.DiagnosticsManager]:  [classpath + loader.0] file:/usr/share/neo4j/system/lib/jetty-xml-9.2.4.v20141103.jar
2015-06-22 22:44:03.414+0000 INFO  [o.n.k.i.DiagnosticsManager]:  [classpath + loader.0] file:/usr/share/neo4j/lib/neo4j-consistency-check-2.2.0.jar
2015-06-22 22:44:03.414+0000 INFO  [o.n.k.i.DiagnosticsManager]:  [loader.1] file:/usr/lib/jvm/java-7-openjdk-amd64/jre/lib/ext/dnsns.jar
2015-06-22 22:44:03.414+0000 INFO  [o.n.k.i.DiagnosticsManager]:  [classpath + loader.0] file:/usr/share/neo4j/system/lib/jetty-http-9.2.4.v20141103.jar
2015-06-22 22:44:03.414+0000 INFO  [o.n.k.i.DiagnosticsManager]:  [classpath + loader.0] file:/usr/share/neo4j/system/lib/jsr311-api-1.1.2.r612.jar
2015-06-22 22:44:03.415+0000 INFO  [o.n.k.i.DiagnosticsManager]:  [bootstrap] /usr/lib/jvm/java-7-openjdk-amd64/jre/lib/jsse.jar
2015-06-22 22:44:03.415+0000 INFO  [o.n.k.i.DiagnosticsManager]:  [classpath + loader.0] file:/usr/share/neo4j/system/lib/jersey-core-1.18.1.jar
2015-06-22 22:44:03.415+0000 INFO  [o.n.k.i.DiagnosticsManager]:  [classpath + loader.0] file:/usr/share/neo4j/system/lib/javax.servlet-api-3.1.0.jar
2015-06-22 22:44:03.415+0000 INFO  [o.n.k.i.DiagnosticsManager]:  [classpath + loader.0] file:/usr/share/neo4j/system/lib/jcl-over-slf4j-1.7.7.jar
2015-06-22 22:44:03.415+0000 INFO  [o.n.k.i.DiagnosticsManager]:  [classpath + loader.0] file:/usr/share/neo4j/system/lib/jersey-server-1.18.1.jar
2015-06-22 22:44:03.415+0000 INFO  [o.n.k.i.DiagnosticsManager]:  [classpath + loader.0] file:/usr/share/neo4j/system/lib/bcprov-jdk16-140.jar
2015-06-22 22:44:03.415+0000 INFO  [o.n.k.i.DiagnosticsManager]:  [classpath + loader.0] file:/etc/neo4j/
2015-06-22 22:44:03.415+0000 INFO  [o.n.k.i.DiagnosticsManager]:  [classpath + loader.0] file:/usr/share/neo4j/system/lib/commons-digester-2.1.jar
2015-06-22 22:44:03.415+0000 INFO  [o.n.k.i.DiagnosticsManager]:  [classpath + loader.0] file:/usr/share/neo4j/lib/parboiled-scala_2.10-1.1.6.jar
2015-06-22 22:44:03.415+0000 INFO  [o.n.k.i.DiagnosticsManager]:  [loader.1] file:/usr/lib/jvm/java-7-openjdk-amd64/jre/lib/ext/java-atk-wrapper.jar
2015-06-22 22:44:03.415+0000 INFO  [o.n.k.i.DiagnosticsManager]:  [classpath + loader.0] file:/usr/share/neo4j/system/lib/logback-classic-1.1.2.jar
2015-06-22 22:44:03.415+0000 INFO  [o.n.k.i.DiagnosticsManager]:  [classpath + loader.0] file:/usr/share/neo4j/lib/neo4j-jmx-2.2.0.jar
2015-06-22 22:44:03.415+0000 INFO  [o.n.k.i.DiagnosticsManager]:  [bootstrap] /usr/lib/jvm/java-7-openjdk-amd64/jre/classes
2015-06-22 22:44:03.415+0000 INFO  [o.n.k.i.DiagnosticsManager]:  [bootstrap] /usr/lib/jvm/java-7-openjdk-amd64/jre/lib/jfr.jar
2015-06-22 22:44:03.415+0000 INFO  [o.n.k.i.DiagnosticsManager]:  [classpath + loader.0] file:/usr/share/neo4j/system/lib/neo4j-server-2.2.0.jar
2015-06-22 22:44:03.415+0000 INFO  [o.n.k.i.DiagnosticsManager]:  [classpath + loader.0] file:/usr/share/neo4j/system/lib/janino-2.6.1.jar
2015-06-22 22:44:03.415+0000 INFO  [o.n.k.i.DiagnosticsManager]:  [bootstrap] /usr/lib/jvm/java-7-openjdk-amd64/jre/lib/rt.jar
2015-06-22 22:44:03.416+0000 INFO  [o.n.k.i.DiagnosticsManager]:  [classpath + loader.0] file:/usr/share/neo4j/system/lib/jetty-util-9.2.4.v20141103.jar
2015-06-22 22:44:03.416+0000 INFO  [o.n.k.i.DiagnosticsManager]:  [classpath + loader.0] file:/usr/share/neo4j/system/lib/logback-access-1.1.2.jar
2015-06-22 22:44:03.416+0000 INFO  [o.n.k.i.DiagnosticsManager]:  [classpath + loader.0] file:/usr/share/neo4j/lib/concurrentlinkedhashmap-lru-1.4.jar
2015-06-22 22:44:03.416+0000 INFO  [o.n.k.i.DiagnosticsManager]:  [classpath + loader.0] file:/usr/share/neo4j/system/lib/commons-lang-2.6.jar
2015-06-22 22:44:03.416+0000 INFO  [o.n.k.i.DiagnosticsManager]:  [classpath + loader.0] file:/usr/share/neo4j/system/lib/logback-core-1.1.2.jar
2015-06-22 22:44:03.416+0000 INFO  [o.n.k.i.DiagnosticsManager]:  [classpath + loader.0] file:/usr/share/neo4j/lib/neo4j-io-2.2.0.jar
2015-06-22 22:44:03.416+0000 INFO  [o.n.k.i.DiagnosticsManager]:  [classpath + loader.0] file:/usr/share/neo4j/lib/neo4j-cypher-compiler-2.0-2.0.4.jar
2015-06-22 22:44:03.416+0000 INFO  [o.n.k.i.DiagnosticsManager]:  [classpath + loader.0] file:/usr/share/neo4j/lib/neo4j-shell-2.2.0.jar
2015-06-22 22:44:03.416+0000 INFO  [o.n.k.i.DiagnosticsManager]:  [classpath + loader.0] file:/usr/share/neo4j/lib/neo4j-cypher-compiler-2.1-2.1.6.jar
2015-06-22 22:44:03.416+0000 INFO  [o.n.k.i.DiagnosticsManager]:  [classpath + loader.0] file:/usr/share/neo4j/lib/neo4j-csv-2.2.0.jar
2015-06-22 22:44:03.416+0000 INFO  [o.n.k.i.DiagnosticsManager]:  [loader.1] file:/usr/lib/jvm/java-7-openjdk-amd64/jre/lib/ext/localedata.jar
2015-06-22 22:44:03.416+0000 INFO  [o.n.k.i.DiagnosticsManager]:  [classpath + loader.0] file:/usr/share/neo4j/lib/neo4j-udc-2.2.0.jar
2015-06-22 22:44:03.416+0000 INFO  [o.n.k.i.DiagnosticsManager]:  [classpath + loader.0] file:/usr/share/neo4j/lib/neo4j-graph-matching-2.2.0.jar
2015-06-22 22:44:03.416+0000 INFO  [o.n.k.i.DiagnosticsManager]: Library path:
2015-06-22 22:44:03.417+0000 INFO  [o.n.k.i.DiagnosticsManager]: /usr/java/packages/lib/amd64
2015-06-22 22:44:03.417+0000 INFO  [o.n.k.i.DiagnosticsManager]: /usr/lib/x86_64-linux-gnu/jni
2015-06-22 22:44:03.417+0000 INFO  [o.n.k.i.DiagnosticsManager]: /lib/x86_64-linux-gnu
2015-06-22 22:44:03.417+0000 INFO  [o.n.k.i.DiagnosticsManager]: /usr/lib/x86_64-linux-gnu
2015-06-22 22:44:03.417+0000 INFO  [o.n.k.i.DiagnosticsManager]: /usr/lib/jni
2015-06-22 22:44:03.417+0000 INFO  [o.n.k.i.DiagnosticsManager]: /lib
2015-06-22 22:44:03.417+0000 INFO  [o.n.k.i.DiagnosticsManager]: /usr/lib
2015-06-22 22:44:03.417+0000 INFO  [o.n.k.i.DiagnosticsManager]: System.properties:
2015-06-22 22:44:03.418+0000 INFO  [o.n.k.i.DiagnosticsManager]: sun.boot.library.path = /usr/lib/jvm/java-7-openjdk-amd64/jre/lib/amd64
2015-06-22 22:44:03.418+0000 INFO  [o.n.k.i.DiagnosticsManager]: org.neo4j.server.properties = conf/neo4j-server.properties
2015-06-22 22:44:03.418+0000 INFO  [o.n.k.i.DiagnosticsManager]: path.separator = :
2015-06-22 22:44:03.418+0000 INFO  [o.n.k.i.DiagnosticsManager]: file.encoding.pkg = sun.io
2015-06-22 22:44:03.418+0000 INFO  [o.n.k.i.DiagnosticsManager]: user.country = US
2015-06-22 22:44:03.418+0000 INFO  [o.n.k.i.DiagnosticsManager]: sun.java.launcher = SUN_STANDARD
2015-06-22 22:44:03.418+0000 INFO  [o.n.k.i.DiagnosticsManager]: sun.os.patch.level = unknown
2015-06-22 22:44:03.418+0000 INFO  [o.n.k.i.DiagnosticsManager]: user.dir = /var/lib/neo4j
2015-06-22 22:44:03.418+0000 INFO  [o.n.k.i.DiagnosticsManager]: neo4j.ext.udc.source = debian
2015-06-22 22:44:03.418+0000 INFO  [o.n.k.i.DiagnosticsManager]: log4j.configuration = file:conf/log4j.properties
2015-06-22 22:44:03.418+0000 INFO  [o.n.k.i.DiagnosticsManager]: sun.jnu.encoding = ANSI_X3.4-1968
2015-06-22 22:44:03.418+0000 INFO  [o.n.k.i.DiagnosticsManager]: sun.management.compiler = HotSpot 64-Bit Tiered Compilers
2015-06-22 22:44:03.418+0000 INFO  [o.n.k.i.DiagnosticsManager]: user.home = /root
2015-06-22 22:44:03.418+0000 INFO  [o.n.k.i.DiagnosticsManager]: user.timezone = Etc/UTC
2015-06-22 22:44:03.418+0000 INFO  [o.n.k.i.DiagnosticsManager]: file.encoding = UTF-8
2015-06-22 22:44:03.419+0000 INFO  [o.n.k.i.DiagnosticsManager]: user.name = root
2015-06-22 22:44:03.419+0000 INFO  [o.n.k.i.DiagnosticsManager]: sun.java.command = org.neo4j.server.Bootstrapper
2015-06-22 22:44:03.419+0000 INFO  [o.n.k.i.DiagnosticsManager]: sun.arch.data.model = 64
2015-06-22 22:44:03.419+0000 INFO  [o.n.k.i.DiagnosticsManager]: user.language = en
2015-06-22 22:44:03.419+0000 INFO  [o.n.k.i.DiagnosticsManager]: awt.toolkit = sun.awt.X11.XToolkit
2015-06-22 22:44:03.419+0000 INFO  [o.n.k.i.DiagnosticsManager]: file.separator = /
2015-06-22 22:44:03.419+0000 INFO  [o.n.k.i.DiagnosticsManager]: sun.io.unicode.encoding = UnicodeLittle
2015-06-22 22:44:03.419+0000 INFO  [o.n.k.i.DiagnosticsManager]: sun.cpu.endian = little
2015-06-22 22:44:03.419+0000 INFO  [o.n.k.i.DiagnosticsManager]: neo4j.instance = /var/lib/neo4j
2015-06-22 22:44:03.419+0000 INFO  [o.n.k.i.DiagnosticsManager]: neo4j.home = /var/lib/neo4j
2015-06-22 22:44:03.419+0000 INFO  [o.n.k.i.DiagnosticsManager]: sun.cpu.isalist = 
2015-06-22 22:44:03.419+0000 INFO  [o.n.k.i.DiagnosticsManager]: Linux scheduler information:
2015-06-22 22:44:03.420+0000 INFO  [o.n.k.i.DiagnosticsManager]: none
2015-06-22 22:44:03.421+0000 INFO  [o.n.k.i.DiagnosticsManager]: Network information:
2015-06-22 22:44:03.422+0000 INFO  [o.n.k.i.DiagnosticsManager]: Interface eth0:
2015-06-22 22:44:03.422+0000 INFO  [o.n.k.i.DiagnosticsManager]:     address: fe80:0:0:0:42:acff:fe11:1%5
2015-06-22 22:44:03.422+0000 INFO  [o.n.k.i.DiagnosticsManager]:     address: 172.17.0.1
2015-06-22 22:44:03.422+0000 INFO  [o.n.k.i.DiagnosticsManager]: Interface lo:
2015-06-22 22:44:03.422+0000 INFO  [o.n.k.i.DiagnosticsManager]:     address: 0:0:0:0:0:0:0:1%1
2015-06-22 22:44:03.423+0000 INFO  [o.n.k.i.DiagnosticsManager]:     address: 127.0.0.1
2015-06-22 22:44:03.423+0000 INFO  [o.n.k.i.DiagnosticsManager]: --- INITIALIZED diagnostics END ---
2015-06-22 22:44:03.709+0000 INFO  [o.n.k.i.s.StoreFactory]: Creating new db @ /var/lib/neo4j/data/graph.db/neostore
2015-06-22 22:44:04.217+0000 INFO  [o.n.k.a.i.i.LuceneLabelScanStore]: No lucene scan store index found, this might just be first use. Preparing to rebuild.
2015-06-22 22:44:04.242+0000 INFO  [o.n.k.a.i.i.LuceneLabelScanStore]: No lucene scan store index found, this might just be first use. Preparing to rebuild.
2015-06-22 22:44:04.334+0000 INFO  [o.n.k.NeoStoreDataSource]: Opened logical log [/var/lib/neo4j/data/graph.db/neostore.transaction.db.0] version=0, lastTxId=1 (clean)
2015-06-22 22:44:04.342+0000 WARN  [o.n.k.i.s.StoreFactory]: Missing counts store, rebuilding it.
2015-06-22 22:44:04.437+0000 INFO  [o.n.k.a.i.i.LuceneLabelScanStore]: Rebuilding lucene scan store, this may take a while
2015-06-22 22:44:04.439+0000 INFO  [o.n.k.a.i.i.LuceneLabelScanStore]: Lucene scan store rebuilt (roughly -1 nodes)
2015-06-22 22:44:05.197+0000 INFO  [o.n.k.i.DiagnosticsManager]: --- STARTED diagnostics for KernelDiagnostics:Versions START ---
2015-06-22 22:44:05.197+0000 INFO  [o.n.k.i.DiagnosticsManager]: Graph Database: org.neo4j.kernel.EmbeddedGraphDatabase StoreId{creationTime=1435013043709, randomId=-5901165432903696452, storeVersion=14969031248344582, upgradeTime=1435013043709, upgradeId=1}
2015-06-22 22:44:05.197+0000 INFO  [o.n.k.i.DiagnosticsManager]: Kernel version: Neo4j - Graph Database Kernel (neo4j-kernel), version: 2.2.0
2015-06-22 22:44:05.197+0000 INFO  [o.n.k.i.DiagnosticsManager]: Neo4j component versions:
2015-06-22 22:44:05.212+0000 INFO  [o.n.k.i.DiagnosticsManager]:   Neo4j - Lucene Index (neo4j-lucene-index), version: 2.2.0; revision: 2.2.0:master:839/5b872e0e68ed041822003b69052c04a50125e471
2015-06-22 22:44:05.212+0000 INFO  [o.n.k.i.DiagnosticsManager]:   Neo4j - JMX support (neo4j-jmx), version: 2.2.0; revision: 2.2.0:master:839/5b872e0e68ed041822003b69052c04a50125e471
2015-06-22 22:44:05.212+0000 INFO  [o.n.k.i.DiagnosticsManager]:   Neo4j - Graph Matching (neo4j-graph-matching), version: 2.2.0; revision: 2.2.0:master:839/5b872e0e68ed041822003b69052c04a50125e471
2015-06-22 22:44:05.212+0000 INFO  [o.n.k.i.DiagnosticsManager]:   Neo4j - Cypher Compiler 2.1 (neo4j-cypher-compiler-2.1), version: 2.1.6; revision: 2.1.6:2.1-maint:605/0d7f25fc608f15c54ec1a01f4ba4564ebfb1071a
2015-06-22 22:44:05.212+0000 INFO  [o.n.k.i.DiagnosticsManager]:   Neo4j - Server API (server-api), version: 2.2.0; revision: 2.2.0:master:839/5b872e0e68ed041822003b69052c04a50125e471
2015-06-22 22:44:05.213+0000 INFO  [o.n.k.i.DiagnosticsManager]:   Neo4j - Import Command Line Tool (neo4j-import-tool), version: 2.2.0; revision: 2.2.0:master:839/5b872e0e68ed041822003b69052c04a50125e471
2015-06-22 22:44:05.213+0000 INFO  [o.n.k.i.DiagnosticsManager]:   Neo4j - Graph Database Kernel (neo4j-kernel), version: 2.2.0; revision: 2.2.0:master:839/5b872e0e68ed041822003b69052c04a50125e471
2015-06-22 22:44:05.213+0000 INFO  [o.n.k.i.DiagnosticsManager]:   Neo4j - Cypher (neo4j-cypher), version: 2.2.0; revision: 2.2.0:master:839/5b872e0e68ed041822003b69052c04a50125e471
2015-06-22 22:44:05.213+0000 INFO  [o.n.k.i.DiagnosticsManager]:   Neo4j - Server (neo4j-server), version: 2.2.0; revision: 2.2.0:master:839/5b872e0e68ed041822003b69052c04a50125e471
2015-06-22 22:44:05.213+0000 INFO  [o.n.k.i.DiagnosticsManager]:   Neo4j - Graph Algorithms (neo4j-graph-algo), version: 2.2.0; revision: 2.2.0:master:839/5b872e0e68ed041822003b69052c04a50125e471
2015-06-22 22:44:05.213+0000 INFO  [o.n.k.i.DiagnosticsManager]:   Neo4j - Cypher Compiler 2.2 (neo4j-cypher-compiler-2.2), version: 2.2.0; revision: 2.2.0:master:839/5b872e0e68ed041822003b69052c04a50125e471
2015-06-22 22:44:05.213+0000 INFO  [o.n.k.i.DiagnosticsManager]:   Neo4j - Cypher Compiler 2.0 (neo4j-cypher-compiler-2.0), version: 2.0.4; revision: 2.0.4:2.0-maint:130/4a7d10bc274a5d26a180bbe9df25100e8a694748
2015-06-22 22:44:05.214+0000 INFO  [o.n.k.i.DiagnosticsManager]:   Neo4j - Consistency Checker (neo4j-consistency-check), version: 2.2.0; revision: 2.2.0:master:839/5b872e0e68ed041822003b69052c04a50125e471
2015-06-22 22:44:05.214+0000 INFO  [o.n.k.i.DiagnosticsManager]:   Neo4j - Generic shell (neo4j-shell), version: 2.2.0; revision: 2.2.0:master:839/5b872e0e68ed041822003b69052c04a50125e471
2015-06-22 22:44:05.214+0000 INFO  [o.n.k.i.DiagnosticsManager]:   Neo4j - Cypher Compiler 1.9 (neo4j-cypher-compiler-1.9), version: 2.0.4; revision: 2.0.4:2.0-maint:130/4a7d10bc274a5d26a180bbe9df25100e8a694748
2015-06-22 22:44:05.214+0000 INFO  [o.n.k.i.DiagnosticsManager]:   neo4j-udc, version: 2.2.0; revision: 2.2.0:master:839/5b872e0e68ed041822003b69052c04a50125e471
2015-06-22 22:44:05.214+0000 INFO  [o.n.k.i.DiagnosticsManager]: --- STARTED diagnostics for KernelDiagnostics:Versions END ---
2015-06-22 22:44:05.218+0000 INFO  [o.n.k.i.DiagnosticsManager]: --- STARTED diagnostics for NEO_STORE_VERSIONS START ---
2015-06-22 22:44:05.224+0000 INFO  [o.n.k.i.DiagnosticsManager]: Store versions:
2015-06-22 22:44:05.224+0000 INFO  [o.n.k.i.DiagnosticsManager]: Store versions:
2015-06-22 22:44:05.224+0000 INFO  [o.n.k.i.DiagnosticsManager]:   NeoStore v0.A.5
2015-06-22 22:44:05.224+0000 INFO  [o.n.k.i.DiagnosticsManager]:   SchemaStore v0.A.5
2015-06-22 22:44:05.224+0000 INFO  [o.n.k.i.DiagnosticsManager]:   NodeStore v0.A.5
2015-06-22 22:44:05.224+0000 INFO  [o.n.k.i.DiagnosticsManager]:   RelationshipStore v0.A.5
2015-06-22 22:44:05.224+0000 INFO  [o.n.k.i.DiagnosticsManager]:   RelationshipTypeStore v0.A.5
2015-06-22 22:44:05.224+0000 INFO  [o.n.k.i.DiagnosticsManager]:   LabelTokenStore v0.A.5
2015-06-22 22:44:05.224+0000 INFO  [o.n.k.i.DiagnosticsManager]:   PropertyStore v0.A.5
2015-06-22 22:44:05.224+0000 INFO  [o.n.k.i.DiagnosticsManager]:   PropertyIndexStore v0.A.5
2015-06-22 22:44:05.224+0000 INFO  [o.n.k.i.DiagnosticsManager]:   StringPropertyStore v0.A.5
2015-06-22 22:44:05.224+0000 INFO  [o.n.k.i.DiagnosticsManager]:   ArrayPropertyStore v0.A.5
2015-06-22 22:44:05.224+0000 INFO  [o.n.k.i.DiagnosticsManager]:   RelationshipGroupStore v0.A.5
2015-06-22 22:44:05.224+0000 INFO  [o.n.k.i.DiagnosticsManager]: --- STARTED diagnostics for NEO_STORE_VERSIONS END ---
2015-06-22 22:44:05.225+0000 INFO  [o.n.k.i.DiagnosticsManager]: --- STARTED diagnostics for NEO_STORE_ID_USAGE START ---
2015-06-22 22:44:05.225+0000 INFO  [o.n.k.i.DiagnosticsManager]: Id usage:
2015-06-22 22:44:05.225+0000 INFO  [o.n.k.i.DiagnosticsManager]: Id usage:
2015-06-22 22:44:05.225+0000 INFO  [o.n.k.i.DiagnosticsManager]:   SchemaStore: used=1 high=0
2015-06-22 22:44:05.225+0000 INFO  [o.n.k.i.DiagnosticsManager]:   NodeStore: used=0 high=-1
2015-06-22 22:44:05.225+0000 INFO  [o.n.k.i.DiagnosticsManager]:   RelationshipStore: used=0 high=-1
2015-06-22 22:44:05.225+0000 INFO  [o.n.k.i.DiagnosticsManager]:   RelationshipTypeStore: used=0 high=-1
2015-06-22 22:44:05.226+0000 INFO  [o.n.k.i.DiagnosticsManager]:   LabelTokenStore: used=0 high=-1
2015-06-22 22:44:05.226+0000 INFO  [o.n.k.i.DiagnosticsManager]:   PropertyStore: used=0 high=-1
2015-06-22 22:44:05.226+0000 INFO  [o.n.k.i.DiagnosticsManager]:   PropertyIndexStore: used=0 high=-1
2015-06-22 22:44:05.226+0000 INFO  [o.n.k.i.DiagnosticsManager]:   StringPropertyStore: used=1 high=0
2015-06-22 22:44:05.226+0000 INFO  [o.n.k.i.DiagnosticsManager]:   ArrayPropertyStore: used=1 high=0
2015-06-22 22:44:05.226+0000 INFO  [o.n.k.i.DiagnosticsManager]:   RelationshipGroupStore: used=1 high=0
2015-06-22 22:44:05.226+0000 INFO  [o.n.k.i.DiagnosticsManager]: --- STARTED diagnostics for NEO_STORE_ID_USAGE END ---
2015-06-22 22:44:05.227+0000 INFO  [o.n.k.i.DiagnosticsManager]: --- STARTED diagnostics for KernelDiagnostics:StoreFiles START ---
2015-06-22 22:44:05.227+0000 INFO  [o.n.k.i.DiagnosticsManager]: Disk space on partition (Total / Free / Free %): 59939692544 / 59076415488 / 98
Storage files: (filename : modification date - size)
2015-06-22 22:44:05.228+0000 INFO  [o.n.k.i.DiagnosticsManager]:   index:
2015-06-22 22:44:05.229+0000 INFO  [o.n.k.i.DiagnosticsManager]:   - Total: 2015-06-22T22:44:03+0000 - 0.00 B
2015-06-22 22:44:05.229+0000 INFO  [o.n.k.i.DiagnosticsManager]:   lock: 2015-06-22T22:44:04+0000 - 0.00 B
2015-06-22 22:44:05.229+0000 INFO  [o.n.k.i.DiagnosticsManager]:   messages.log: 2015-06-22T22:44:05+0000 - 29.05 kB
2015-06-22 22:44:05.230+0000 INFO  [o.n.k.i.DiagnosticsManager]:   neostore: 2015-06-22T22:44:04+0000 - 99.00 B
2015-06-22 22:44:05.230+0000 INFO  [o.n.k.i.DiagnosticsManager]:   neostore.counts.db.a: 2015-06-22T22:44:04+0000 - 114.00 B
2015-06-22 22:44:05.230+0000 INFO  [o.n.k.i.DiagnosticsManager]:   neostore.id: 2015-06-22T22:44:04+0000 - 9.00 B
2015-06-22 22:44:05.231+0000 INFO  [o.n.k.i.DiagnosticsManager]:   neostore.labeltokenstore.db: 2015-06-22T22:44:04+0000 - 0.00 B
2015-06-22 22:44:05.231+0000 INFO  [o.n.k.i.DiagnosticsManager]:   neostore.labeltokenstore.db.id: 2015-06-22T22:44:04+0000 - 9.00 B
2015-06-22 22:44:05.231+0000 INFO  [o.n.k.i.DiagnosticsManager]:   neostore.labeltokenstore.db.names: 2015-06-22T22:44:03+0000 - 38.00 B
2015-06-22 22:44:05.232+0000 INFO  [o.n.k.i.DiagnosticsManager]:   neostore.labeltokenstore.db.names.id: 2015-06-22T22:44:03+0000 - 9.00 B
2015-06-22 22:44:05.232+0000 INFO  [o.n.k.i.DiagnosticsManager]:   neostore.nodestore.db: 2015-06-22T22:44:04+0000 - 0.00 B
2015-06-22 22:44:05.232+0000 INFO  [o.n.k.i.DiagnosticsManager]:   neostore.nodestore.db.id: 2015-06-22T22:44:04+0000 - 9.00 B
2015-06-22 22:44:05.233+0000 INFO  [o.n.k.i.DiagnosticsManager]:   neostore.nodestore.db.labels: 2015-06-22T22:44:04+0000 - 68.00 B
2015-06-22 22:44:05.233+0000 INFO  [o.n.k.i.DiagnosticsManager]:   neostore.nodestore.db.labels.id: 2015-06-22T22:44:04+0000 - 9.00 B
2015-06-22 22:44:05.233+0000 INFO  [o.n.k.i.DiagnosticsManager]:   neostore.propertystore.db: 2015-06-22T22:44:04+0000 - 0.00 B
2015-06-22 22:44:05.234+0000 INFO  [o.n.k.i.DiagnosticsManager]:   neostore.propertystore.db.arrays: 2015-06-22T22:44:04+0000 - 128.00 B
2015-06-22 22:44:05.234+0000 INFO  [o.n.k.i.DiagnosticsManager]:   neostore.propertystore.db.arrays.id: 2015-06-22T22:44:04+0000 - 9.00 B
2015-06-22 22:44:05.234+0000 INFO  [o.n.k.i.DiagnosticsManager]:   neostore.propertystore.db.id: 2015-06-22T22:44:04+0000 - 9.00 B
2015-06-22 22:44:05.235+0000 INFO  [o.n.k.i.DiagnosticsManager]:   neostore.propertystore.db.index: 2015-06-22T22:44:04+0000 - 0.00 B
2015-06-22 22:44:05.235+0000 INFO  [o.n.k.i.DiagnosticsManager]:   neostore.propertystore.db.index.id: 2015-06-22T22:44:04+0000 - 9.00 B
2015-06-22 22:44:05.235+0000 INFO  [o.n.k.i.DiagnosticsManager]:   neostore.propertystore.db.index.keys: 2015-06-22T22:44:04+0000 - 38.00 B
2015-06-22 22:44:05.236+0000 INFO  [o.n.k.i.DiagnosticsManager]:   neostore.propertystore.db.index.keys.id: 2015-06-22T22:44:04+0000 - 9.00 B
2015-06-22 22:44:05.236+0000 INFO  [o.n.k.i.DiagnosticsManager]:   neostore.propertystore.db.strings: 2015-06-22T22:44:04+0000 - 128.00 B
2015-06-22 22:44:05.236+0000 INFO  [o.n.k.i.DiagnosticsManager]:   neostore.propertystore.db.strings.id: 2015-06-22T22:44:04+0000 - 9.00 B
2015-06-22 22:44:05.236+0000 INFO  [o.n.k.i.DiagnosticsManager]:   neostore.relationshipgroupstore.db: 2015-06-22T22:44:04+0000 - 25.00 B
2015-06-22 22:44:05.237+0000 INFO  [o.n.k.i.DiagnosticsManager]:   neostore.relationshipgroupstore.db.id: 2015-06-22T22:44:04+0000 - 9.00 B
2015-06-22 22:44:05.237+0000 INFO  [o.n.k.i.DiagnosticsManager]:   neostore.relationshipstore.db: 2015-06-22T22:44:04+0000 - 0.00 B
2015-06-22 22:44:05.237+0000 INFO  [o.n.k.i.DiagnosticsManager]:   neostore.relationshipstore.db.id: 2015-06-22T22:44:04+0000 - 9.00 B
2015-06-22 22:44:05.238+0000 INFO  [o.n.k.i.DiagnosticsManager]:   neostore.relationshiptypestore.db: 2015-06-22T22:44:03+0000 - 0.00 B
2015-06-22 22:44:05.238+0000 INFO  [o.n.k.i.DiagnosticsManager]:   neostore.relationshiptypestore.db.id: 2015-06-22T22:44:03+0000 - 9.00 B
2015-06-22 22:44:05.238+0000 INFO  [o.n.k.i.DiagnosticsManager]:   neostore.relationshiptypestore.db.names: 2015-06-22T22:44:03+0000 - 38.00 B
2015-06-22 22:44:05.239+0000 INFO  [o.n.k.i.DiagnosticsManager]:   neostore.relationshiptypestore.db.names.id: 2015-06-22T22:44:03+0000 - 9.00 B
2015-06-22 22:44:05.239+0000 INFO  [o.n.k.i.DiagnosticsManager]:   neostore.schemastore.db: 2015-06-22T22:44:04+0000 - 64.00 B
2015-06-22 22:44:05.239+0000 INFO  [o.n.k.i.DiagnosticsManager]:   neostore.schemastore.db.id: 2015-06-22T22:44:04+0000 - 9.00 B
2015-06-22 22:44:05.240+0000 INFO  [o.n.k.i.DiagnosticsManager]:   neostore.transaction.db.0: 2015-06-22T22:44:04+0000 - 16.00 B
2015-06-22 22:44:05.240+0000 INFO  [o.n.k.i.DiagnosticsManager]:   schema:
2015-06-22 22:44:05.240+0000 INFO  [o.n.k.i.DiagnosticsManager]:     label:
2015-06-22 22:44:05.240+0000 INFO  [o.n.k.i.DiagnosticsManager]:       lucene:
2015-06-22 22:44:05.240+0000 INFO  [o.n.k.i.DiagnosticsManager]:         write.lock: 2015-06-22T22:44:04+0000 - 0.00 B
2015-06-22 22:44:05.241+0000 INFO  [o.n.k.i.DiagnosticsManager]:       - Total: 2015-06-22T22:44:04+0000 - 0.00 B
2015-06-22 22:44:05.241+0000 INFO  [o.n.k.i.DiagnosticsManager]:     - Total: 2015-06-22T22:44:04+0000 - 0.00 B
2015-06-22 22:44:05.241+0000 INFO  [o.n.k.i.DiagnosticsManager]:   - Total: 2015-06-22T22:44:04+0000 - 0.00 B
2015-06-22 22:44:05.242+0000 INFO  [o.n.k.i.DiagnosticsManager]:   store_lock: 2015-06-22T22:44:03+0000 - 0.00 B
2015-06-22 22:44:05.242+0000 INFO  [o.n.k.i.DiagnosticsManager]: --- STARTED diagnostics for KernelDiagnostics:StoreFiles END ---
2015-06-22 22:44:05.303+0000 INFO  [o.n.k.EmbeddedGraphDatabase]: Database is now ready
2015-06-22 22:44:05.303+0000 INFO  [o.n.s.d.LifecycleManagingDatabase]: Successfully started database
2015-06-22 22:44:05.312+0000 INFO  [o.n.k.i.DiagnosticsManager]: --- SERVER STARTED START ---
2015-06-22 22:44:05.377+0000 INFO  [o.n.s.CommunityNeoServer]: Starting HTTP on port :7474 with 2 threads available
2015-06-22 22:44:05.561+0000 INFO  [o.n.s.CommunityNeoServer]: Enabling HTTPS on port :7473
2015-06-22 22:44:05.561+0000 INFO  [o.n.s.CommunityNeoServer]: No SSL certificate found, generating a self-signed certificate..
2015-06-22 22:44:05.959+0000 INFO  [o.n.s.w.Jetty9WebServer]: Mounting static content at [/webadmin] from [webadmin-html]
2015-06-22 22:44:06.003+0000 INFO  [o.n.s.w.Jetty9WebServer]: Mounting static content at [/browser] from [browser]
2015-06-22 22:44:07.312+0000 INFO  [o.n.s.CommunityNeoServer]: Server started on: http://f3a23ab9bf4a:7474/
2015-06-22 22:44:07.312+0000 INFO  [o.n.s.CommunityNeoServer]: Remote interface ready and available at [http://f3a23ab9bf4a:7474/]
2015-06-22 22:44:07.312+0000 INFO  [o.n.k.i.DiagnosticsManager]: --- SERVER STARTED END ---
