2015-06-22 22:51:53.090+0000 WARN  [o.n.k.i.JvmChecker]: You are using an unsupported version of the Java runtime. Please use Oracle(R) Java(TM) Runtime Environment 7 or OpenJDK(TM) 7.
2015-06-22 22:51:53.194+0000 INFO  [o.n.s.e.EnterpriseNeoServer]: Setting startup timeout to: 120000ms based on -1
2015-06-22 22:51:53.337+0000 WARN  [o.n.k.EmbeddedGraphDatabase]: You are using an unsupported version of the Java runtime. Please use Oracle(R) Java(TM) Runtime Environment 7 or OpenJDK(TM) 7.
2015-06-22 22:51:53.354+0000 INFO  [o.n.k.InternalAbstractGraphDatabase]: No locking implementation specified, defaulting to 'forseti'
2015-06-22 22:51:53.517+0000 INFO  [o.n.k.i.DiagnosticsManager]: --- INITIALIZED diagnostics START ---
2015-06-22 22:51:53.518+0000 INFO  [o.n.k.i.DiagnosticsManager]: Neo4j Kernel properties:
2015-06-22 22:51:53.518+0000 INFO  [o.n.k.i.DiagnosticsManager]: online_backup_server=127.0.0.1:6362
2015-06-22 22:51:53.518+0000 INFO  [o.n.k.i.DiagnosticsManager]: neostore.nodestore.db.mapped_memory=74M
2015-06-22 22:51:53.518+0000 INFO  [o.n.k.i.DiagnosticsManager]: ha.pull_interval=10
2015-06-22 22:51:53.519+0000 INFO  [o.n.k.i.DiagnosticsManager]: neostore.propertystore.db.arrays.mapped_memory=274M
2015-06-22 22:51:53.519+0000 INFO  [o.n.k.i.DiagnosticsManager]: neostore.relationshipgroupstore.db.mapped_memory=0M
2015-06-22 22:51:53.519+0000 INFO  [o.n.k.i.DiagnosticsManager]: neostore.propertystore.db.mapped_memory=268M
2015-06-22 22:51:53.519+0000 INFO  [o.n.k.i.DiagnosticsManager]: neostore.propertystore.db.strings.mapped_memory=234M
2015-06-22 22:51:53.519+0000 INFO  [o.n.k.i.DiagnosticsManager]: online_backup_enabled=true
2015-06-22 22:51:53.519+0000 INFO  [o.n.k.i.DiagnosticsManager]: store_dir=/var/lib/neo4j/data/udo.db
2015-06-22 22:51:53.519+0000 INFO  [o.n.k.i.DiagnosticsManager]: node_keys_indexable=name,age
2015-06-22 22:51:53.519+0000 INFO  [o.n.k.i.DiagnosticsManager]: remote_shell_enabled=true
2015-06-22 22:51:53.519+0000 INFO  [o.n.k.i.DiagnosticsManager]: node_auto_indexing=true
2015-06-22 22:51:53.519+0000 INFO  [o.n.k.i.DiagnosticsManager]: neostore.relationshipstore.db.mapped_memory=317M
2015-06-22 22:51:53.520+0000 INFO  [o.n.k.i.DiagnosticsManager]: Diagnostics providers:
2015-06-22 22:51:53.520+0000 INFO  [o.n.k.i.DiagnosticsManager]: org.neo4j.kernel.configuration.Config
2015-06-22 22:51:53.520+0000 INFO  [o.n.k.i.DiagnosticsManager]: org.neo4j.kernel.info.DiagnosticsManager
2015-06-22 22:51:53.520+0000 INFO  [o.n.k.i.DiagnosticsManager]: SYSTEM_MEMORY
2015-06-22 22:51:53.520+0000 INFO  [o.n.k.i.DiagnosticsManager]: JAVA_MEMORY
2015-06-22 22:51:53.520+0000 INFO  [o.n.k.i.DiagnosticsManager]: OPERATING_SYSTEM
2015-06-22 22:51:53.521+0000 INFO  [o.n.k.i.DiagnosticsManager]: JAVA_VIRTUAL_MACHINE
2015-06-22 22:51:53.521+0000 INFO  [o.n.k.i.DiagnosticsManager]: CLASSPATH
2015-06-22 22:51:53.521+0000 INFO  [o.n.k.i.DiagnosticsManager]: LIBRARY_PATH
2015-06-22 22:51:53.521+0000 INFO  [o.n.k.i.DiagnosticsManager]: SYSTEM_PROPERTIES
2015-06-22 22:51:53.521+0000 INFO  [o.n.k.i.DiagnosticsManager]: LINUX_SCHEDULERS
2015-06-22 22:51:53.521+0000 INFO  [o.n.k.i.DiagnosticsManager]: NETWORK
2015-06-22 22:51:53.521+0000 INFO  [o.n.k.i.DiagnosticsManager]: NodeCache
2015-06-22 22:51:53.521+0000 INFO  [o.n.k.i.DiagnosticsManager]: RelationshipCache
2015-06-22 22:51:53.527+0000 INFO  [o.n.k.i.DiagnosticsManager]: System memory information:
2015-06-22 22:51:53.529+0000 INFO  [o.n.k.i.DiagnosticsManager]: Total Physical memory: 3.86 GB
2015-06-22 22:51:53.530+0000 INFO  [o.n.k.i.DiagnosticsManager]: Free Physical memory: 2.30 GB
2015-06-22 22:51:53.530+0000 INFO  [o.n.k.i.DiagnosticsManager]: Committed virtual memory: 3.23 GB
2015-06-22 22:51:53.530+0000 INFO  [o.n.k.i.DiagnosticsManager]: Total swap space: 0.00 B
2015-06-22 22:51:53.531+0000 INFO  [o.n.k.i.DiagnosticsManager]: Free swap space: 0.00 B
2015-06-22 22:51:53.531+0000 INFO  [o.n.k.i.DiagnosticsManager]: JVM memory information:
2015-06-22 22:51:53.531+0000 INFO  [o.n.k.i.DiagnosticsManager]: Free  memory: 26.56 MB
2015-06-22 22:51:53.532+0000 INFO  [o.n.k.i.DiagnosticsManager]: Total memory: 59.94 MB
2015-06-22 22:51:53.532+0000 INFO  [o.n.k.i.DiagnosticsManager]: Max   memory: 973.38 MB
2015-06-22 22:51:53.532+0000 INFO  [o.n.k.i.DiagnosticsManager]: Garbage Collector: ParNew: [Par Eden Space, Par Survivor Space]
2015-06-22 22:51:53.532+0000 INFO  [o.n.k.i.DiagnosticsManager]: Garbage Collector: ConcurrentMarkSweep: [Par Eden Space, Par Survivor Space, CMS Old Gen]
2015-06-22 22:51:53.533+0000 INFO  [o.n.k.i.DiagnosticsManager]: Memory Pool: Code Cache (Non-heap memory): committed=3.38 MB, used=3.33 MB, max=240.00 MB, threshold=0.00 B
2015-06-22 22:51:53.534+0000 INFO  [o.n.k.i.DiagnosticsManager]: Memory Pool: Metaspace (Non-heap memory): committed=13.88 MB, used=13.59 MB, max=-1.00 B, threshold=0.00 B
2015-06-22 22:51:53.534+0000 INFO  [o.n.k.i.DiagnosticsManager]: Memory Pool: Compressed Class Space (Non-heap memory): committed=1.88 MB, used=1.74 MB, max=1.00 GB, threshold=0.00 B
2015-06-22 22:51:53.535+0000 INFO  [o.n.k.i.DiagnosticsManager]: Memory Pool: Par Eden Space (Heap memory): committed=16.50 MB, used=16.14 MB, max=133.13 MB, threshold=?
2015-06-22 22:51:53.536+0000 INFO  [o.n.k.i.DiagnosticsManager]: Memory Pool: Par Survivor Space (Heap memory): committed=2.06 MB, used=292.75 kB, max=16.63 MB, threshold=?
2015-06-22 22:51:53.536+0000 INFO  [o.n.k.i.DiagnosticsManager]: Memory Pool: CMS Old Gen (Heap memory): committed=41.38 MB, used=16.95 MB, max=823.63 MB, threshold=0.00 B
2015-06-22 22:51:53.536+0000 INFO  [o.n.k.i.DiagnosticsManager]: Operating system information:
2015-06-22 22:51:53.537+0000 INFO  [o.n.k.i.DiagnosticsManager]: Operating System: Linux; version: 4.0.5; arch: amd64; cpus: 2
2015-06-22 22:51:53.537+0000 INFO  [o.n.k.i.DiagnosticsManager]: Max number of file descriptors: 65536
2015-06-22 22:51:53.537+0000 INFO  [o.n.k.i.DiagnosticsManager]: Number of open file descriptors: 93
2015-06-22 22:51:53.538+0000 INFO  [o.n.k.i.DiagnosticsManager]: Process id: 91@f18d6855b41e
2015-06-22 22:51:53.538+0000 INFO  [o.n.k.i.DiagnosticsManager]: Byte order: LITTLE_ENDIAN
2015-06-22 22:51:53.538+0000 INFO  [o.n.k.i.DiagnosticsManager]: Local timezone: Etc/UTC
2015-06-22 22:51:53.538+0000 INFO  [o.n.k.i.DiagnosticsManager]: JVM information:
2015-06-22 22:51:53.538+0000 INFO  [o.n.k.i.DiagnosticsManager]: VM Name: OpenJDK 64-Bit Server VM
2015-06-22 22:51:53.538+0000 INFO  [o.n.k.i.DiagnosticsManager]: VM Vendor: Oracle Corporation
2015-06-22 22:51:53.538+0000 INFO  [o.n.k.i.DiagnosticsManager]: VM Version: 25.45-b02
2015-06-22 22:51:53.538+0000 INFO  [o.n.k.i.DiagnosticsManager]: JIT compiler: HotSpot 64-Bit Tiered Compilers
2015-06-22 22:51:53.538+0000 INFO  [o.n.k.i.DiagnosticsManager]: VM Arguments: [-XX:+DisableExplicitGC, -Dorg.neo4j.server.properties=conf/neo4j-server.properties, -Djava.util.logging.config.file=conf/logging.properties, -Dlog4j.configuration=file:conf/log4j.properties, -XX:+UseConcMarkSweepGC, -XX:+CMSClassUnloadingEnabled, -XX:-OmitStackTraceInFastThrow, -Dneo4j.home=/var/lib/neo4j, -Dneo4j.instance=/var/lib/neo4j, -Dfile.encoding=UTF-8]
2015-06-22 22:51:53.539+0000 INFO  [o.n.k.i.DiagnosticsManager]: Java classpath:
2015-06-22 22:51:53.541+0000 INFO  [o.n.k.i.DiagnosticsManager]:  [bootstrap] /usr/lib/jvm/java-8-openjdk-amd64/jre/lib/jce.jar
2015-06-22 22:51:53.541+0000 INFO  [o.n.k.i.DiagnosticsManager]:  [classpath + loader.0] file:/var/lib/neo4j/lib/neo4j-graph-algo-2.1.7.jar
2015-06-22 22:51:53.541+0000 INFO  [o.n.k.i.DiagnosticsManager]:  [classpath + loader.0] file:/var/lib/neo4j/lib/lucene-core-3.6.2.jar
2015-06-22 22:51:53.541+0000 INFO  [o.n.k.i.DiagnosticsManager]:  [classpath + loader.0] file:/var/lib/neo4j/lib/neo4j-kernel-2.1.7.jar
2015-06-22 22:51:53.541+0000 INFO  [o.n.k.i.DiagnosticsManager]:  [classpath + loader.0] file:/var/lib/neo4j/system/lib/jetty-xml-9.0.5.v20130815.jar
2015-06-22 22:51:53.541+0000 INFO  [o.n.k.i.DiagnosticsManager]:  [classpath + loader.0] file:/var/lib/neo4j/system/lib/jackson-core-asl-1.9.7.jar
2015-06-22 22:51:53.541+0000 INFO  [o.n.k.i.DiagnosticsManager]:  [loader.1] file:/usr/lib/jvm/java-8-openjdk-amd64/jre/lib/ext/java-atk-wrapper.jar
2015-06-22 22:51:53.541+0000 INFO  [o.n.k.i.DiagnosticsManager]:  [classpath + loader.0] file:/var/lib/neo4j/system/lib/commons-configuration-1.6.jar
2015-06-22 22:51:53.541+0000 INFO  [o.n.k.i.DiagnosticsManager]:  [classpath + loader.0] file:/var/lib/neo4j/system/lib/jersey-multipart-1.9.jar
2015-06-22 22:51:53.541+0000 INFO  [o.n.k.i.DiagnosticsManager]:  [classpath + loader.0] file:/var/lib/neo4j/system/lib/jetty-servlet-9.0.5.v20130815.jar
2015-06-22 22:51:53.541+0000 INFO  [o.n.k.i.DiagnosticsManager]:  [classpath + loader.0] file:/var/lib/neo4j/system/lib/rhino-1.7R4.jar
2015-06-22 22:51:53.541+0000 INFO  [o.n.k.i.DiagnosticsManager]:  [loader.1] file:/usr/lib/jvm/java-8-openjdk-amd64/jre/lib/ext/nashorn.jar
2015-06-22 22:51:53.541+0000 INFO  [o.n.k.i.DiagnosticsManager]:  [loader.1] file:/usr/lib/jvm/java-8-openjdk-amd64/jre/lib/ext/icedtea-sound.jar
2015-06-22 22:51:53.541+0000 INFO  [o.n.k.i.DiagnosticsManager]:  [loader.1] file:/usr/lib/jvm/java-8-openjdk-amd64/jre/lib/ext/sunjce_provider.jar
2015-06-22 22:51:53.541+0000 INFO  [o.n.k.i.DiagnosticsManager]:  [classpath + loader.0] file:/var/lib/neo4j/lib/neo4j-jmx-2.1.7.jar
2015-06-22 22:51:53.541+0000 INFO  [o.n.k.i.DiagnosticsManager]:  [classpath + loader.0] file:/var/lib/neo4j/system/lib/jcl-over-slf4j-1.6.1.jar
2015-06-22 22:51:53.542+0000 INFO  [o.n.k.i.DiagnosticsManager]:  [classpath + loader.0] file:/var/lib/neo4j/conf/
2015-06-22 22:51:53.542+0000 INFO  [o.n.k.i.DiagnosticsManager]:  [bootstrap] /usr/lib/jvm/java-8-openjdk-amd64/jre/lib/sunrsasign.jar
2015-06-22 22:51:53.542+0000 INFO  [o.n.k.i.DiagnosticsManager]:  [classpath + loader.0] file:/var/lib/neo4j/lib/parboiled-scala_2.10-1.1.6.jar
2015-06-22 22:51:53.542+0000 INFO  [o.n.k.i.DiagnosticsManager]:  [classpath + loader.0] file:/var/lib/neo4j/system/lib/jetty-http-9.0.5.v20130815.jar
2015-06-22 22:51:53.542+0000 INFO  [o.n.k.i.DiagnosticsManager]:  [classpath + loader.0] file:/var/lib/neo4j/lib/geronimo-jta_1.1_spec-1.1.1.jar
2015-06-22 22:51:53.542+0000 INFO  [o.n.k.i.DiagnosticsManager]:  [classpath + loader.0] file:/var/lib/neo4j/system/lib/jackson-jaxrs-1.9.7.jar
2015-06-22 22:51:53.542+0000 INFO  [o.n.k.i.DiagnosticsManager]:  [classpath + loader.0] file:/var/lib/neo4j/system/lib/commons-lang-2.4.jar
2015-06-22 22:51:53.542+0000 INFO  [o.n.k.i.DiagnosticsManager]:  [classpath + loader.0] file:/var/lib/neo4j/system/lib/jetty-security-9.0.5.v20130815.jar
2015-06-22 22:51:53.542+0000 INFO  [o.n.k.i.DiagnosticsManager]:  [classpath + loader.0] file:/var/lib/neo4j/system/lib/neo4j-server-2.1.7.jar
2015-06-22 22:51:53.542+0000 INFO  [o.n.k.i.DiagnosticsManager]:  [classpath + loader.0] file:/var/lib/neo4j/lib/scala-library-2.10.4.jar
2015-06-22 22:51:53.542+0000 INFO  [o.n.k.i.DiagnosticsManager]:  [classpath + loader.0] file:/var/lib/neo4j/system/lib/logback-access-1.1.2.jar
2015-06-22 22:51:53.542+0000 INFO  [o.n.k.i.DiagnosticsManager]:  [classpath + loader.0] file:/var/lib/neo4j/lib/neo4j-cypher-compiler-2.0-2.0.3.jar
2015-06-22 22:51:53.542+0000 INFO  [o.n.k.i.DiagnosticsManager]:  [classpath + loader.0] file:/var/lib/neo4j/lib/opencsv-2.3.jar
2015-06-22 22:51:53.542+0000 INFO  [o.n.k.i.DiagnosticsManager]:  [classpath + loader.0] file:/var/lib/neo4j/system/lib/opencsv-2.3.jar
2015-06-22 22:51:53.542+0000 INFO  [o.n.k.i.DiagnosticsManager]:  [classpath + loader.0] file:/var/lib/neo4j/system/lib/neo4j-server-advanced-2.1.7.jar
2015-06-22 22:51:53.542+0000 INFO  [o.n.k.i.DiagnosticsManager]:  [classpath + loader.0] file:/var/lib/neo4j/lib/concurrentlinkedhashmap-lru-1.3.1.jar
2015-06-22 22:51:53.542+0000 INFO  [o.n.k.i.DiagnosticsManager]:  [classpath + loader.0] file:/var/lib/neo4j/lib/neo4j-cluster-2.1.7.jar
2015-06-22 22:51:53.542+0000 INFO  [o.n.k.i.DiagnosticsManager]:  [classpath + loader.0] file:/var/lib/neo4j/system/lib/bcprov-jdk16-140.jar
2015-06-22 22:51:53.542+0000 INFO  [o.n.k.i.DiagnosticsManager]:  [classpath + loader.0] file:/var/lib/neo4j/system/lib/commons-digester-1.8.1.jar
2015-06-22 22:51:53.542+0000 INFO  [o.n.k.i.DiagnosticsManager]:  [classpath + loader.0] file:/var/lib/neo4j/system/lib/jetty-server-9.0.5.v20130815.jar
2015-06-22 22:51:53.542+0000 INFO  [o.n.k.i.DiagnosticsManager]:  [classpath + loader.0] file:/var/lib/neo4j/system/lib/javax.servlet-3.0.0.v201112011016.jar
2015-06-22 22:51:53.543+0000 INFO  [o.n.k.i.DiagnosticsManager]:  [bootstrap] /usr/lib/jvm/java-8-openjdk-amd64/jre/lib/jsse.jar
2015-06-22 22:51:53.543+0000 INFO  [o.n.k.i.DiagnosticsManager]:  [classpath + loader.0] file:/var/lib/neo4j/lib/slf4j-api-1.6.2.jar
2015-06-22 22:51:53.543+0000 INFO  [o.n.k.i.DiagnosticsManager]:  [classpath + loader.0] file:/var/lib/neo4j/lib/neo4j-cypher-compiler-2.1-2.1.7.jar
2015-06-22 22:51:53.543+0000 INFO  [o.n.k.i.DiagnosticsManager]:  [classpath + loader.0] file:/var/lib/neo4j/lib/neo4j-primitive-collections-2.1.7.jar
2015-06-22 22:51:53.543+0000 INFO  [o.n.k.i.DiagnosticsManager]:  [loader.1] file:/usr/lib/jvm/java-8-openjdk-amd64/jre/lib/ext/localedata.jar
2015-06-22 22:51:53.543+0000 INFO  [o.n.k.i.DiagnosticsManager]:  [loader.1] file:/usr/lib/jvm/java-8-openjdk-amd64/jre/lib/ext/sunpkcs11.jar
2015-06-22 22:51:53.543+0000 INFO  [o.n.k.i.DiagnosticsManager]:  [classpath + loader.0] file:/var/lib/neo4j/lib/org.apache.servicemix.bundles.jline-0.9.94_1.jar
2015-06-22 22:51:53.543+0000 INFO  [o.n.k.i.DiagnosticsManager]:  [classpath + loader.0] file:/var/lib/neo4j/system/lib/jersey-server-1.9.jar
2015-06-22 22:51:53.543+0000 INFO  [o.n.k.i.DiagnosticsManager]:  [classpath + loader.0] file:/var/lib/neo4j/lib/server-api-2.1.7.jar
2015-06-22 22:51:53.543+0000 INFO  [o.n.k.i.DiagnosticsManager]:  [classpath + loader.0] file:/var/lib/neo4j/system/lib/jetty-util-9.0.5.v20130815.jar
2015-06-22 22:51:53.543+0000 INFO  [o.n.k.i.DiagnosticsManager]:  [loader.1] file:/usr/lib/jvm/java-8-openjdk-amd64/jre/lib/ext/libatk-wrapper.so
2015-06-22 22:51:53.543+0000 INFO  [o.n.k.i.DiagnosticsManager]:  [loader.1] file:/usr/lib/jvm/java-8-openjdk-amd64/jre/lib/ext/sunec.jar
2015-06-22 22:51:53.543+0000 INFO  [o.n.k.i.DiagnosticsManager]:  [bootstrap] /usr/lib/jvm/java-8-openjdk-amd64/jre/lib/jfr.jar
2015-06-22 22:51:53.543+0000 INFO  [o.n.k.i.DiagnosticsManager]:  [classpath + loader.0] file:/var/lib/neo4j/lib/neo4j-com-2.1.7.jar
2015-06-22 22:51:53.543+0000 INFO  [o.n.k.i.DiagnosticsManager]:  [loader.1] file:/usr/lib/jvm/java-8-openjdk-amd64/jre/lib/ext/cldrdata.jar
2015-06-22 22:51:53.543+0000 INFO  [o.n.k.i.DiagnosticsManager]:  [bootstrap] /usr/lib/jvm/java-8-openjdk-amd64/jre/classes
2015-06-22 22:51:53.543+0000 INFO  [o.n.k.i.DiagnosticsManager]:  [classpath + loader.0] file:/var/lib/neo4j/lib/netty-3.6.3.Final.jar
2015-06-22 22:51:53.543+0000 INFO  [o.n.k.i.DiagnosticsManager]:  [loader.1] file:/usr/lib/jvm/java-8-openjdk-amd64/jre/lib/ext/zipfs.jar
2015-06-22 22:51:53.543+0000 INFO  [o.n.k.i.DiagnosticsManager]:  [classpath + loader.0] file:/var/lib/neo4j/lib/neo4j-consistency-check-2.1.7.jar
2015-06-22 22:51:53.543+0000 INFO  [o.n.k.i.DiagnosticsManager]:  [classpath + loader.0] file:/var/lib/neo4j/lib/neo4j-ha-2.1.7.jar
2015-06-22 22:51:53.543+0000 INFO  [o.n.k.i.DiagnosticsManager]:  [classpath + loader.0] file:/var/lib/neo4j/system/lib/logback-core-1.1.2.jar
2015-06-22 22:51:53.544+0000 INFO  [o.n.k.i.DiagnosticsManager]:  [classpath + loader.0] file:/var/lib/neo4j/lib/neo4j-cypher-commons-2.1.7.jar
2015-06-22 22:51:53.544+0000 INFO  [o.n.k.i.DiagnosticsManager]:  [classpath + loader.0] file:/var/lib/neo4j/system/lib/rrd4j-2.0.7.jar
2015-06-22 22:51:53.544+0000 INFO  [o.n.k.i.DiagnosticsManager]:  [classpath + loader.0] file:/var/lib/neo4j/system/lib/neo4j-browser-2.1.7.jar
2015-06-22 22:51:53.544+0000 INFO  [o.n.k.i.DiagnosticsManager]:  [classpath + loader.0] file:/var/lib/neo4j/system/lib/neo4j-server-2.1.7-static-web.jar
2015-06-22 22:51:53.544+0000 INFO  [o.n.k.i.DiagnosticsManager]:  [bootstrap] /usr/lib/jvm/java-8-openjdk-amd64/jre/lib/resources.jar
2015-06-22 22:51:53.544+0000 INFO  [o.n.k.i.DiagnosticsManager]:  [classpath + loader.0] file:/var/lib/neo4j/lib/neo4j-udc-2.1.7.jar
2015-06-22 22:51:53.544+0000 INFO  [o.n.k.i.DiagnosticsManager]:  [classpath + loader.0] file:/var/lib/neo4j/lib/neo4j-graph-matching-2.1.7.jar
2015-06-22 22:51:53.544+0000 INFO  [o.n.k.i.DiagnosticsManager]:  [classpath + loader.0] file:/var/lib/neo4j/system/lib/neo4j-server-enterprise-2.1.7.jar
2015-06-22 22:51:53.544+0000 INFO  [o.n.k.i.DiagnosticsManager]:  [classpath + loader.0] file:/var/lib/neo4j/lib/neo4j-cypher-2.1.7.jar
2015-06-22 22:51:53.544+0000 INFO  [o.n.k.i.DiagnosticsManager]:  [classpath + loader.0] file:/var/lib/neo4j/system/lib/commons-beanutils-1.8.0.jar
2015-06-22 22:51:53.544+0000 INFO  [o.n.k.i.DiagnosticsManager]:  [classpath + loader.0] file:/var/lib/neo4j/system/lib/janino-2.6.1.jar
2015-06-22 22:51:53.544+0000 INFO  [o.n.k.i.DiagnosticsManager]:  [classpath + loader.0] file:/var/lib/neo4j/lib/neo4j-shell-2.1.7.jar
2015-06-22 22:51:53.544+0000 INFO  [o.n.k.i.DiagnosticsManager]:  [classpath + loader.0] file:/var/lib/neo4j/system/lib/commons-io-1.4.jar
2015-06-22 22:51:53.544+0000 INFO  [o.n.k.i.DiagnosticsManager]:  [classpath + loader.0] file:/var/lib/neo4j/system/lib/asm-3.1.jar
2015-06-22 22:51:53.544+0000 INFO  [o.n.k.i.DiagnosticsManager]:  [classpath + loader.0] file:/var/lib/neo4j/system/lib/jsr311-api-1.1.2.r612.jar
2015-06-22 22:51:53.544+0000 INFO  [o.n.k.i.DiagnosticsManager]:  [classpath + loader.0] file:/var/lib/neo4j/lib/neo4j-cypher-compiler-1.9-2.0.3.jar
2015-06-22 22:51:53.544+0000 INFO  [o.n.k.i.DiagnosticsManager]:  [classpath + loader.0] file:/var/lib/neo4j/lib/neo4j-backup-2.1.7.jar
2015-06-22 22:51:53.544+0000 INFO  [o.n.k.i.DiagnosticsManager]:  [classpath + loader.0] file:/var/lib/neo4j/system/lib/jackson-mapper-asl-1.9.7.jar
2015-06-22 22:51:53.544+0000 INFO  [o.n.k.i.DiagnosticsManager]:  [classpath + loader.0] file:/var/lib/neo4j/system/lib/commons-collections-3.2.1.jar
2015-06-22 22:51:53.545+0000 INFO  [o.n.k.i.DiagnosticsManager]:  [loader.1] file:/usr/lib/jvm/java-8-openjdk-amd64/jre/lib/ext/dnsns.jar
2015-06-22 22:51:53.545+0000 INFO  [o.n.k.i.DiagnosticsManager]:  [classpath + loader.0] file:/var/lib/neo4j/system/lib/commons-compiler-2.6.1.jar
2015-06-22 22:51:53.545+0000 INFO  [o.n.k.i.DiagnosticsManager]:  [classpath + loader.0] file:/var/lib/neo4j/system/lib/jersey-core-1.9.jar
2015-06-22 22:51:53.545+0000 INFO  [o.n.k.i.DiagnosticsManager]:  [classpath + loader.0] file:/var/lib/neo4j/system/lib/jetty-io-9.0.5.v20130815.jar
2015-06-22 22:51:53.545+0000 INFO  [o.n.k.i.DiagnosticsManager]:  [classpath + loader.0] file:/var/lib/neo4j/lib/neo4j-lucene-index-2.1.7.jar
2015-06-22 22:51:53.545+0000 INFO  [o.n.k.i.DiagnosticsManager]:  [classpath + loader.0] file:/var/lib/neo4j/lib/neo4j-management-2.1.7.jar
2015-06-22 22:51:53.545+0000 INFO  [o.n.k.i.DiagnosticsManager]:  [classpath + loader.0] file:/var/lib/neo4j/system/lib/jetty-webapp-9.0.5.v20130815.jar
2015-06-22 22:51:53.545+0000 INFO  [o.n.k.i.DiagnosticsManager]:  [classpath + loader.0] file:/var/lib/neo4j/lib/parboiled-core-1.1.6.jar
2015-06-22 22:51:53.545+0000 INFO  [o.n.k.i.DiagnosticsManager]:  [classpath + loader.0] file:/var/lib/neo4j/system/lib/mimepull-1.6.jar
2015-06-22 22:51:53.545+0000 INFO  [o.n.k.i.DiagnosticsManager]:  [bootstrap] /usr/lib/jvm/java-8-openjdk-amd64/jre/lib/charsets.jar
2015-06-22 22:51:53.545+0000 INFO  [o.n.k.i.DiagnosticsManager]:  [classpath + loader.0] file:/var/lib/neo4j/system/lib/logback-classic-1.1.2.jar
2015-06-22 22:51:53.545+0000 INFO  [o.n.k.i.DiagnosticsManager]:  [bootstrap] /usr/lib/jvm/java-8-openjdk-amd64/jre/lib/rt.jar
2015-06-22 22:51:53.545+0000 INFO  [o.n.k.i.DiagnosticsManager]:  [classpath + loader.0] file:/var/lib/neo4j/system/lib/commons-beanutils-core-1.8.0.jar
2015-06-22 22:51:53.545+0000 INFO  [o.n.k.i.DiagnosticsManager]: Library path:
2015-06-22 22:51:53.545+0000 INFO  [o.n.k.i.DiagnosticsManager]: /usr/java/packages/lib/amd64
2015-06-22 22:51:53.545+0000 INFO  [o.n.k.i.DiagnosticsManager]: /usr/lib/x86_64-linux-gnu/jni
2015-06-22 22:51:53.545+0000 INFO  [o.n.k.i.DiagnosticsManager]: /lib/x86_64-linux-gnu
2015-06-22 22:51:53.546+0000 INFO  [o.n.k.i.DiagnosticsManager]: /usr/lib/x86_64-linux-gnu
2015-06-22 22:51:53.546+0000 INFO  [o.n.k.i.DiagnosticsManager]: /usr/lib/jni
2015-06-22 22:51:53.546+0000 INFO  [o.n.k.i.DiagnosticsManager]: /lib
2015-06-22 22:51:53.546+0000 INFO  [o.n.k.i.DiagnosticsManager]: /usr/lib
2015-06-22 22:51:53.546+0000 INFO  [o.n.k.i.DiagnosticsManager]: System.properties:
2015-06-22 22:51:53.546+0000 INFO  [o.n.k.i.DiagnosticsManager]: sun.boot.library.path = /usr/lib/jvm/java-8-openjdk-amd64/jre/lib/amd64
2015-06-22 22:51:53.546+0000 INFO  [o.n.k.i.DiagnosticsManager]: org.neo4j.server.properties = conf/neo4j-server.properties
2015-06-22 22:51:53.546+0000 INFO  [o.n.k.i.DiagnosticsManager]: path.separator = :
2015-06-22 22:51:53.546+0000 INFO  [o.n.k.i.DiagnosticsManager]: file.encoding.pkg = sun.io
2015-06-22 22:51:53.546+0000 INFO  [o.n.k.i.DiagnosticsManager]: sun.java.launcher = SUN_STANDARD
2015-06-22 22:51:53.546+0000 INFO  [o.n.k.i.DiagnosticsManager]: sun.os.patch.level = unknown
2015-06-22 22:51:53.548+0000 INFO  [o.n.k.i.DiagnosticsManager]: user.dir = /var/lib/neo4j
2015-06-22 22:51:53.549+0000 INFO  [o.n.k.i.DiagnosticsManager]: log4j.configuration = file:conf/log4j.properties
2015-06-22 22:51:53.549+0000 INFO  [o.n.k.i.DiagnosticsManager]: sun.jnu.encoding = UTF-8
2015-06-22 22:51:53.549+0000 INFO  [o.n.k.i.DiagnosticsManager]: sun.management.compiler = HotSpot 64-Bit Tiered Compilers
2015-06-22 22:51:53.549+0000 INFO  [o.n.k.i.DiagnosticsManager]: user.home = /root
2015-06-22 22:51:53.549+0000 INFO  [o.n.k.i.DiagnosticsManager]: user.timezone = Etc/UTC
2015-06-22 22:51:53.549+0000 INFO  [o.n.k.i.DiagnosticsManager]: file.encoding = UTF-8
2015-06-22 22:51:53.549+0000 INFO  [o.n.k.i.DiagnosticsManager]: user.name = root
2015-06-22 22:51:53.549+0000 INFO  [o.n.k.i.DiagnosticsManager]: sun.java.command = org.neo4j.server.Bootstrapper
2015-06-22 22:51:53.549+0000 INFO  [o.n.k.i.DiagnosticsManager]: sun.arch.data.model = 64
2015-06-22 22:51:53.549+0000 INFO  [o.n.k.i.DiagnosticsManager]: user.language = en
2015-06-22 22:51:53.549+0000 INFO  [o.n.k.i.DiagnosticsManager]: awt.toolkit = sun.awt.X11.XToolkit
2015-06-22 22:51:53.549+0000 INFO  [o.n.k.i.DiagnosticsManager]: file.separator = /
2015-06-22 22:51:53.549+0000 INFO  [o.n.k.i.DiagnosticsManager]: sun.io.unicode.encoding = UnicodeLittle
2015-06-22 22:51:53.549+0000 INFO  [o.n.k.i.DiagnosticsManager]: sun.cpu.endian = little
2015-06-22 22:51:53.549+0000 INFO  [o.n.k.i.DiagnosticsManager]: neo4j.instance = /var/lib/neo4j
2015-06-22 22:51:53.549+0000 INFO  [o.n.k.i.DiagnosticsManager]: neo4j.home = /var/lib/neo4j
2015-06-22 22:51:53.549+0000 INFO  [o.n.k.i.DiagnosticsManager]: sun.cpu.isalist = 
2015-06-22 22:51:53.549+0000 INFO  [o.n.k.i.DiagnosticsManager]: Linux scheduler information:
2015-06-22 22:51:53.589+0000 INFO  [o.n.k.i.DiagnosticsManager]: none
2015-06-22 22:51:53.589+0000 INFO  [o.n.k.i.DiagnosticsManager]: Network information:
2015-06-22 22:51:53.590+0000 INFO  [o.n.k.i.DiagnosticsManager]: Interface eth0:
2015-06-22 22:51:53.591+0000 INFO  [o.n.k.i.DiagnosticsManager]:     address: fe80:0:0:0:42:acff:fe11:2%eth0
2015-06-22 22:51:53.591+0000 INFO  [o.n.k.i.DiagnosticsManager]:     address: 172.17.0.2
2015-06-22 22:51:53.591+0000 INFO  [o.n.k.i.DiagnosticsManager]: Interface lo:
2015-06-22 22:51:53.591+0000 INFO  [o.n.k.i.DiagnosticsManager]:     address: 0:0:0:0:0:0:0:1%lo
2015-06-22 22:51:53.591+0000 INFO  [o.n.k.i.DiagnosticsManager]:     address: 127.0.0.1
2015-06-22 22:51:53.591+0000 INFO  [o.n.k.i.DiagnosticsManager]: --- INITIALIZED diagnostics END ---
2015-06-22 22:51:53.745+0000 INFO  [o.n.k.i.n.s.StoreFactory]: Creating new db @ /var/lib/neo4j/data/udo.db/neostore
2015-06-22 22:51:53.795+0000 INFO  [o.n.k.i.n.s.StoreFactory]: [/var/lib/neo4j/data/udo.db/neostore.relationshiptypestore.db.names] brickCount=0 brickSize=0b mappedMem=0b (storeSize=38b)
2015-06-22 22:51:53.798+0000 INFO  [o.n.k.i.n.s.StoreFactory]: [/var/lib/neo4j/data/udo.db/neostore.relationshiptypestore.db] brickCount=0 brickSize=0b mappedMem=0b (storeSize=0b)
2015-06-22 22:51:53.798+0000 INFO  [o.n.k.i.n.s.StoreFactory]: /var/lib/neo4j/data/udo.db/neostore.relationshiptypestore.db.names hit=0 miss=0 switches=0 ooe=0
2015-06-22 22:51:53.801+0000 INFO  [o.n.k.i.n.s.StoreFactory]: /var/lib/neo4j/data/udo.db/neostore.relationshiptypestore.db hit=0 miss=0 switches=0 ooe=0
2015-06-22 22:51:53.808+0000 INFO  [o.n.k.i.n.s.StoreFactory]: [/var/lib/neo4j/data/udo.db/neostore.labeltokenstore.db.names] brickCount=0 brickSize=0b mappedMem=0b (storeSize=38b)
2015-06-22 22:51:53.811+0000 INFO  [o.n.k.i.n.s.StoreFactory]: [/var/lib/neo4j/data/udo.db/neostore.labeltokenstore.db] brickCount=0 brickSize=0b mappedMem=0b (storeSize=0b)
2015-06-22 22:51:53.811+0000 INFO  [o.n.k.i.n.s.StoreFactory]: /var/lib/neo4j/data/udo.db/neostore.labeltokenstore.db.names hit=0 miss=0 switches=0 ooe=0
2015-06-22 22:51:53.812+0000 INFO  [o.n.k.i.n.s.StoreFactory]: /var/lib/neo4j/data/udo.db/neostore.labeltokenstore.db hit=0 miss=0 switches=0 ooe=0
2015-06-22 22:51:53.823+0000 INFO  [o.n.k.i.n.s.StoreFactory]: [/var/lib/neo4j/data/udo.db/neostore.relationshiptypestore.db.names] brickCount=0 brickSize=0b mappedMem=0b (storeSize=38b)
2015-06-22 22:51:53.824+0000 INFO  [o.n.k.i.n.s.StoreFactory]: [/var/lib/neo4j/data/udo.db/neostore.relationshiptypestore.db] brickCount=0 brickSize=0b mappedMem=0b (storeSize=0b)
2015-06-22 22:51:53.825+0000 INFO  [o.n.k.i.n.s.StoreFactory]: [/var/lib/neo4j/data/udo.db/neostore.labeltokenstore.db.names] brickCount=0 brickSize=0b mappedMem=0b (storeSize=38b)
2015-06-22 22:51:53.826+0000 INFO  [o.n.k.i.n.s.StoreFactory]: [/var/lib/neo4j/data/udo.db/neostore.labeltokenstore.db] brickCount=0 brickSize=0b mappedMem=0b (storeSize=0b)
2015-06-22 22:51:53.826+0000 INFO  [o.n.k.i.n.s.StoreFactory]: [/var/lib/neo4j/data/udo.db/neostore.propertystore.db.strings] brickCount=0 brickSize=245248b mappedMem=245366784b (storeSize=128b)
2015-06-22 22:51:53.827+0000 INFO  [o.n.k.i.n.s.StoreFactory]: [/var/lib/neo4j/data/udo.db/neostore.propertystore.db.index.keys] brickCount=0 brickSize=0b mappedMem=0b (storeSize=38b)
2015-06-22 22:51:53.828+0000 INFO  [o.n.k.i.n.s.StoreFactory]: [/var/lib/neo4j/data/udo.db/neostore.propertystore.db.index] brickCount=0 brickSize=0b mappedMem=0b (storeSize=0b)
2015-06-22 22:51:53.829+0000 INFO  [o.n.k.i.n.s.StoreFactory]: [/var/lib/neo4j/data/udo.db/neostore.propertystore.db.arrays] brickCount=0 brickSize=287232b mappedMem=287309824b (storeSize=128b)
2015-06-22 22:51:53.833+0000 INFO  [o.n.k.i.n.s.StoreFactory]: [/var/lib/neo4j/data/udo.db/neostore.propertystore.db] brickCount=0 brickSize=2810181b mappedMem=281018368b (storeSize=0b)
2015-06-22 22:51:53.835+0000 INFO  [o.n.k.i.n.s.StoreFactory]: [/var/lib/neo4j/data/udo.db/neostore.relationshipstore.db] brickCount=0 brickSize=3323976b mappedMem=332398592b (storeSize=0b)
2015-06-22 22:51:53.835+0000 INFO  [o.n.k.i.n.s.StoreFactory]: [/var/lib/neo4j/data/udo.db/neostore.nodestore.db.labels] brickCount=0 brickSize=0b mappedMem=0b (storeSize=68b)
2015-06-22 22:51:53.837+0000 INFO  [o.n.k.i.n.s.StoreFactory]: [/var/lib/neo4j/data/udo.db/neostore.nodestore.db] brickCount=0 brickSize=775935b mappedMem=77594624b (storeSize=0b)
2015-06-22 22:51:53.838+0000 INFO  [o.n.k.i.n.s.StoreFactory]: [/var/lib/neo4j/data/udo.db/neostore.schemastore.db] brickCount=0 brickSize=0b mappedMem=0b (storeSize=64b)
2015-06-22 22:51:53.839+0000 INFO  [o.n.k.i.n.s.StoreFactory]: [/var/lib/neo4j/data/udo.db/neostore.relationshipgroupstore.db] brickCount=0 brickSize=0b mappedMem=0b (storeSize=25b)
2015-06-22 22:51:53.840+0000 INFO  [o.n.k.i.n.s.StoreFactory]: [/var/lib/neo4j/data/udo.db/neostore] brickCount=0 brickSize=0b mappedMem=0b (storeSize=0b)
2015-06-22 22:51:53.846+0000 INFO  [o.n.k.i.n.s.StoreFactory]: /var/lib/neo4j/data/udo.db/neostore.relationshiptypestore.db.names hit=0 miss=0 switches=0 ooe=0
2015-06-22 22:51:53.847+0000 INFO  [o.n.k.i.n.s.StoreFactory]: /var/lib/neo4j/data/udo.db/neostore.relationshiptypestore.db hit=0 miss=0 switches=0 ooe=0
2015-06-22 22:51:53.849+0000 INFO  [o.n.k.i.n.s.StoreFactory]: /var/lib/neo4j/data/udo.db/neostore.labeltokenstore.db.names hit=0 miss=0 switches=0 ooe=0
2015-06-22 22:51:53.850+0000 INFO  [o.n.k.i.n.s.StoreFactory]: /var/lib/neo4j/data/udo.db/neostore.labeltokenstore.db hit=0 miss=0 switches=0 ooe=0
2015-06-22 22:51:53.852+0000 INFO  [o.n.k.i.n.s.StoreFactory]: /var/lib/neo4j/data/udo.db/neostore.propertystore.db.strings hit=0 miss=0 switches=0 ooe=0
2015-06-22 22:51:53.854+0000 INFO  [o.n.k.i.n.s.StoreFactory]: /var/lib/neo4j/data/udo.db/neostore.propertystore.db.index.keys hit=0 miss=0 switches=0 ooe=0
2015-06-22 22:51:53.855+0000 INFO  [o.n.k.i.n.s.StoreFactory]: /var/lib/neo4j/data/udo.db/neostore.propertystore.db.index hit=0 miss=0 switches=0 ooe=0
2015-06-22 22:51:53.857+0000 INFO  [o.n.k.i.n.s.StoreFactory]: /var/lib/neo4j/data/udo.db/neostore.propertystore.db.arrays hit=0 miss=0 switches=0 ooe=0
2015-06-22 22:51:53.859+0000 INFO  [o.n.k.i.n.s.StoreFactory]: /var/lib/neo4j/data/udo.db/neostore.propertystore.db hit=0 miss=0 switches=0 ooe=0
2015-06-22 22:51:53.860+0000 INFO  [o.n.k.i.n.s.StoreFactory]: /var/lib/neo4j/data/udo.db/neostore.relationshipstore.db hit=0 miss=0 switches=0 ooe=0
2015-06-22 22:51:53.861+0000 INFO  [o.n.k.i.n.s.StoreFactory]: /var/lib/neo4j/data/udo.db/neostore.nodestore.db.labels hit=0 miss=0 switches=0 ooe=0
2015-06-22 22:51:53.863+0000 INFO  [o.n.k.i.n.s.StoreFactory]: /var/lib/neo4j/data/udo.db/neostore.nodestore.db hit=0 miss=0 switches=0 ooe=0
2015-06-22 22:51:53.864+0000 INFO  [o.n.k.i.n.s.StoreFactory]: /var/lib/neo4j/data/udo.db/neostore.schemastore.db hit=0 miss=0 switches=0 ooe=0
2015-06-22 22:51:53.865+0000 INFO  [o.n.k.i.n.s.StoreFactory]: /var/lib/neo4j/data/udo.db/neostore.relationshipgroupstore.db hit=0 miss=0 switches=0 ooe=0
2015-06-22 22:51:53.867+0000 INFO  [o.n.k.i.n.s.StoreFactory]: /var/lib/neo4j/data/udo.db/neostore hit=0 miss=10 switches=0 ooe=0
2015-06-22 22:51:53.879+0000 INFO  [o.n.k.i.n.s.StoreFactory]: [/var/lib/neo4j/data/udo.db/neostore.relationshiptypestore.db.names] brickCount=0 brickSize=0b mappedMem=0b (storeSize=38b)
2015-06-22 22:51:53.880+0000 INFO  [o.n.k.i.n.s.StoreFactory]: [/var/lib/neo4j/data/udo.db/neostore.relationshiptypestore.db] brickCount=0 brickSize=0b mappedMem=0b (storeSize=0b)
2015-06-22 22:51:53.880+0000 INFO  [o.n.k.i.n.s.StoreFactory]: [/var/lib/neo4j/data/udo.db/neostore.labeltokenstore.db.names] brickCount=0 brickSize=0b mappedMem=0b (storeSize=38b)
2015-06-22 22:51:53.881+0000 INFO  [o.n.k.i.n.s.StoreFactory]: [/var/lib/neo4j/data/udo.db/neostore.labeltokenstore.db] brickCount=0 brickSize=0b mappedMem=0b (storeSize=0b)
2015-06-22 22:51:53.881+0000 INFO  [o.n.k.i.n.s.StoreFactory]: [/var/lib/neo4j/data/udo.db/neostore.propertystore.db.strings] brickCount=0 brickSize=245248b mappedMem=245366784b (storeSize=128b)
2015-06-22 22:51:53.881+0000 INFO  [o.n.k.i.n.s.StoreFactory]: [/var/lib/neo4j/data/udo.db/neostore.propertystore.db.index.keys] brickCount=0 brickSize=0b mappedMem=0b (storeSize=38b)
2015-06-22 22:51:53.882+0000 INFO  [o.n.k.i.n.s.StoreFactory]: [/var/lib/neo4j/data/udo.db/neostore.propertystore.db.index] brickCount=0 brickSize=0b mappedMem=0b (storeSize=0b)
2015-06-22 22:51:53.882+0000 INFO  [o.n.k.i.n.s.StoreFactory]: [/var/lib/neo4j/data/udo.db/neostore.propertystore.db.arrays] brickCount=0 brickSize=287232b mappedMem=287309824b (storeSize=128b)
2015-06-22 22:51:53.882+0000 INFO  [o.n.k.i.n.s.StoreFactory]: [/var/lib/neo4j/data/udo.db/neostore.propertystore.db] brickCount=0 brickSize=2810181b mappedMem=281018368b (storeSize=0b)
2015-06-22 22:51:53.883+0000 INFO  [o.n.k.i.n.s.StoreFactory]: [/var/lib/neo4j/data/udo.db/neostore.relationshipstore.db] brickCount=0 brickSize=3323976b mappedMem=332398592b (storeSize=0b)
2015-06-22 22:51:53.883+0000 INFO  [o.n.k.i.n.s.StoreFactory]: [/var/lib/neo4j/data/udo.db/neostore.nodestore.db.labels] brickCount=0 brickSize=0b mappedMem=0b (storeSize=68b)
2015-06-22 22:51:53.883+0000 INFO  [o.n.k.i.n.s.StoreFactory]: [/var/lib/neo4j/data/udo.db/neostore.nodestore.db] brickCount=0 brickSize=775935b mappedMem=77594624b (storeSize=0b)
2015-06-22 22:51:53.884+0000 INFO  [o.n.k.i.n.s.StoreFactory]: [/var/lib/neo4j/data/udo.db/neostore.schemastore.db] brickCount=0 brickSize=0b mappedMem=0b (storeSize=64b)
2015-06-22 22:51:53.884+0000 INFO  [o.n.k.i.n.s.StoreFactory]: [/var/lib/neo4j/data/udo.db/neostore.relationshipgroupstore.db] brickCount=0 brickSize=0b mappedMem=0b (storeSize=25b)
2015-06-22 22:51:53.885+0000 INFO  [o.n.k.i.n.s.StoreFactory]: [/var/lib/neo4j/data/udo.db/neostore] brickCount=0 brickSize=0b mappedMem=0b (storeSize=81b)
2015-06-22 22:51:53.973+0000 INFO  [o.n.k.a.i.i.LuceneLabelScanStore]: No lucene scan store index found, this might just be first use. Preparing to rebuild.
2015-06-22 22:51:53.998+0000 INFO  [o.n.k.a.i.i.LuceneLabelScanStore]: No lucene scan store index found, this might just be first use. Preparing to rebuild.
2015-06-22 22:51:54.069+0000 INFO  [o.n.k.i.t.x.XaLogicalLog]: Opened logical log [/var/lib/neo4j/data/udo.db/nioneo_logical.log.1] version=0, lastTxId=1 (clean)
2015-06-22 22:51:54.073+0000 INFO  [o.n.k.a.i.i.LuceneLabelScanStore]: Rebuilding lucene scan store, this may take a while
2015-06-22 22:51:54.074+0000 INFO  [o.n.k.a.i.i.LuceneLabelScanStore]: Lucene scan store rebuilt (roughly -1 nodes)
2015-06-22 22:51:54.077+0000 INFO  [o.n.k.i.t.TxManager]: TM new log: tm_tx_log.1
2015-06-22 22:51:54.082+0000 INFO  [o.n.k.i.t.KernelHealth]: Kernel health set to OK
2015-06-22 22:51:54.152+0000 INFO  [o.n.b.BackupServer]: BackupServer communication server started and bound to /127.0.0.1:6362
2015-06-22 22:51:54.318+0000 INFO  [o.n.k.i.t.x.XaLogicalLog]: Opened logical log [/var/lib/neo4j/data/udo.db/index/lucene.log.1] version=0, lastTxId=1 (clean)
2015-06-22 22:51:54.327+0000 INFO  [o.n.k.i.DiagnosticsManager]: --- STARTED diagnostics for KernelDiagnostics:Versions START ---
2015-06-22 22:51:54.327+0000 INFO  [o.n.k.i.DiagnosticsManager]: Graph Database: org.neo4j.kernel.EmbeddedGraphDatabase StoreId{creationTime=1435013513749, randomId=4978602190392039798, storeVersion=14406081294923270, upgradeTime=1435013513749, upgradeId=4978602190392039798}
2015-06-22 22:51:54.327+0000 INFO  [o.n.k.i.DiagnosticsManager]: Kernel version: Neo4j - Graph Database Kernel (neo4j-kernel), version: 2.1.7
2015-06-22 22:51:54.336+0000 INFO  [o.n.k.i.DiagnosticsManager]: Neo4j component versions:
2015-06-22 22:51:54.352+0000 INFO  [o.n.k.i.DiagnosticsManager]:   Neo4j - Cypher Compiler 1.9 (neo4j-cypher-compiler-1.9), version: 2.0.3; revision: 2.0.3:2.0-maint:72/307c563c11b75fdc71cfa6df05daf9b08d6c37dc
2015-06-22 22:51:54.353+0000 INFO  [o.n.k.i.DiagnosticsManager]:   Neo4j - Consistency Checker (neo4j-consistency-check), version: 2.1.7; revision: 2.1.7:2.1-maint:649/ed233fc1087f4549d1956b8ec4a504fe2f13a446
2015-06-22 22:51:54.353+0000 INFO  [o.n.k.i.DiagnosticsManager]:   Neo4j - Cypher Commons (neo4j-cypher-commons), version: 2.1.7; revision: 2.1.7:2.1-maint:649/ed233fc1087f4549d1956b8ec4a504fe2f13a446
2015-06-22 22:51:54.353+0000 INFO  [o.n.k.i.DiagnosticsManager]:   Neo4j Server API (server-api), version: 2.1.7; revision: 2.1.7:2.1-maint:649/ed233fc1087f4549d1956b8ec4a504fe2f13a446
2015-06-22 22:51:54.353+0000 INFO  [o.n.k.i.DiagnosticsManager]:   Neo4j Enterprise Server (neo4j-server-enterprise), version: 2.1.7; revision: 2.1.7:2.1-maint:649/ed233fc1087f4549d1956b8ec4a504fe2f13a446
2015-06-22 22:51:54.353+0000 INFO  [o.n.k.i.DiagnosticsManager]:   Neo4j - Backup Tool (neo4j-backup), version: 2.1.7; revision: 2.1.7:2.1-maint:649/ed233fc1087f4549d1956b8ec4a504fe2f13a446
2015-06-22 22:51:54.353+0000 INFO  [o.n.k.i.DiagnosticsManager]:   Neo4j - High Availability (neo4j-ha), version: 2.1.7; revision: 2.1.7:2.1-maint:649/ed233fc1087f4549d1956b8ec4a504fe2f13a446
2015-06-22 22:51:54.353+0000 INFO  [o.n.k.i.DiagnosticsManager]:   Neo4j - Graph Database Kernel (neo4j-kernel), version: 2.1.7; revision: 2.1.7:2.1-maint:649/ed233fc1087f4549d1956b8ec4a504fe2f13a446
2015-06-22 22:51:54.353+0000 INFO  [o.n.k.i.DiagnosticsManager]:   Neo4j - Cypher Compiler 2.1 (neo4j-cypher-compiler-2.1), version: 2.1.7; revision: 2.1.7:2.1-maint:649/ed233fc1087f4549d1956b8ec4a504fe2f13a446
2015-06-22 22:51:54.354+0000 INFO  [o.n.k.i.DiagnosticsManager]:   Neo4j - Graph DB Monitoring and Management tools (neo4j-management), version: 2.1.7; revision: 2.1.7:2.1-maint:649/ed233fc1087f4549d1956b8ec4a504fe2f13a446
2015-06-22 22:51:54.354+0000 INFO  [o.n.k.i.DiagnosticsManager]:   Neo4j - Generic shell (neo4j-shell), version: 2.1.7; revision: 2.1.7:2.1-maint:649/ed233fc1087f4549d1956b8ec4a504fe2f13a446
2015-06-22 22:51:54.354+0000 INFO  [o.n.k.i.DiagnosticsManager]:   Neo4j Advanced Server (neo4j-server-advanced), version: 2.1.7; revision: 2.1.7:2.1-maint:649/ed233fc1087f4549d1956b8ec4a504fe2f13a446
2015-06-22 22:51:54.354+0000 INFO  [o.n.k.i.DiagnosticsManager]:   Neo4j - Clustering Infrastructure (neo4j-cluster), version: 2.1.7; revision: 2.1.7:2.1-maint:649/ed233fc1087f4549d1956b8ec4a504fe2f13a446
2015-06-22 22:51:54.354+0000 INFO  [o.n.k.i.DiagnosticsManager]:   neo4j-udc, version: 2.1.7; revision: 2.1.7:2.1-maint:649/ed233fc1087f4549d1956b8ec4a504fe2f13a446
2015-06-22 22:51:54.354+0000 INFO  [o.n.k.i.DiagnosticsManager]:   Neo4j - Lucene Index (neo4j-lucene-index), version: 2.1.7; revision: 2.1.7:2.1-maint:649/ed233fc1087f4549d1956b8ec4a504fe2f13a446
2015-06-22 22:51:54.354+0000 INFO  [o.n.k.i.DiagnosticsManager]:   Neo4j Server (neo4j-server), version: 2.1.7; revision: 2.1.7:2.1-maint:649/ed233fc1087f4549d1956b8ec4a504fe2f13a446
2015-06-22 22:51:54.354+0000 INFO  [o.n.k.i.DiagnosticsManager]:   Neo4j - Cypher Compiler 2.0 (neo4j-cypher-compiler-2.0), version: 2.0.3; revision: 2.0.3:2.0-maint:72/307c563c11b75fdc71cfa6df05daf9b08d6c37dc
2015-06-22 22:51:54.354+0000 INFO  [o.n.k.i.DiagnosticsManager]:   Neo4j - Graph Matching (neo4j-graph-matching), version: 2.1.7; revision: 2.1.7:2.1-maint:649/ed233fc1087f4549d1956b8ec4a504fe2f13a446
2015-06-22 22:51:54.354+0000 INFO  [o.n.k.i.DiagnosticsManager]:   Neo4j - JMX support (neo4j-jmx), version: 2.1.7; revision: 2.1.7:2.1-maint:649/ed233fc1087f4549d1956b8ec4a504fe2f13a446
2015-06-22 22:51:54.354+0000 INFO  [o.n.k.i.DiagnosticsManager]:   Neo4j - Cypher (neo4j-cypher), version: 2.1.7; revision: 2.1.7:2.1-maint:649/ed233fc1087f4549d1956b8ec4a504fe2f13a446
2015-06-22 22:51:54.354+0000 INFO  [o.n.k.i.DiagnosticsManager]:   Neo4j - Communication Package (neo4j-com), version: 2.1.7; revision: 2.1.7:2.1-maint:649/ed233fc1087f4549d1956b8ec4a504fe2f13a446
2015-06-22 22:51:54.354+0000 INFO  [o.n.k.i.DiagnosticsManager]:   Neo4j - Graph Algorithms (neo4j-graph-algo), version: 2.1.7; revision: 2.1.7:2.1-maint:649/ed233fc1087f4549d1956b8ec4a504fe2f13a446
2015-06-22 22:51:54.354+0000 INFO  [o.n.k.i.DiagnosticsManager]: --- STARTED diagnostics for KernelDiagnostics:Versions END ---
2015-06-22 22:51:54.357+0000 INFO  [o.n.k.i.DiagnosticsManager]: --- STARTED diagnostics for NEO_STORE_VERSIONS START ---
2015-06-22 22:51:54.357+0000 INFO  [o.n.k.i.DiagnosticsManager]: Store versions:
2015-06-22 22:51:54.357+0000 INFO  [o.n.k.i.DiagnosticsManager]: Store versions:
2015-06-22 22:51:54.357+0000 INFO  [o.n.k.i.DiagnosticsManager]:   NeoStore v0.A.3
2015-06-22 22:51:54.357+0000 INFO  [o.n.k.i.DiagnosticsManager]:   SchemaStore v0.A.3
2015-06-22 22:51:54.357+0000 INFO  [o.n.k.i.DiagnosticsManager]:   NodeStore v0.A.3
2015-06-22 22:51:54.357+0000 INFO  [o.n.k.i.DiagnosticsManager]:   RelationshipStore v0.A.3
2015-06-22 22:51:54.357+0000 INFO  [o.n.k.i.DiagnosticsManager]:   RelationshipTypeStore v0.A.3
2015-06-22 22:51:54.357+0000 INFO  [o.n.k.i.DiagnosticsManager]:   LabelTokenStore v0.A.3
2015-06-22 22:51:54.357+0000 INFO  [o.n.k.i.DiagnosticsManager]:   PropertyStore v0.A.3
2015-06-22 22:51:54.357+0000 INFO  [o.n.k.i.DiagnosticsManager]:   PropertyIndexStore v0.A.3
2015-06-22 22:51:54.357+0000 INFO  [o.n.k.i.DiagnosticsManager]:   StringPropertyStore v0.A.3
2015-06-22 22:51:54.357+0000 INFO  [o.n.k.i.DiagnosticsManager]:   ArrayPropertyStore v0.A.3
2015-06-22 22:51:54.358+0000 INFO  [o.n.k.i.DiagnosticsManager]:   RelationshipGroupStore v0.A.3
2015-06-22 22:51:54.358+0000 INFO  [o.n.k.i.DiagnosticsManager]: --- STARTED diagnostics for NEO_STORE_VERSIONS END ---
2015-06-22 22:51:54.358+0000 INFO  [o.n.k.i.DiagnosticsManager]: --- STARTED diagnostics for NEO_STORE_ID_USAGE START ---
2015-06-22 22:51:54.358+0000 INFO  [o.n.k.i.DiagnosticsManager]: Id usage:
2015-06-22 22:51:54.358+0000 INFO  [o.n.k.i.DiagnosticsManager]: Id usage:
2015-06-22 22:51:54.359+0000 INFO  [o.n.k.i.DiagnosticsManager]:   SchemaStore: used=1 high=0
2015-06-22 22:51:54.360+0000 INFO  [o.n.k.i.DiagnosticsManager]:   NodeStore: used=0 high=-1
2015-06-22 22:51:54.360+0000 INFO  [o.n.k.i.DiagnosticsManager]:   RelationshipStore: used=0 high=-1
2015-06-22 22:51:54.360+0000 INFO  [o.n.k.i.DiagnosticsManager]:   RelationshipTypeStore: used=0 high=-1
2015-06-22 22:51:54.361+0000 INFO  [o.n.k.i.DiagnosticsManager]:   LabelTokenStore: used=0 high=-1
2015-06-22 22:51:54.361+0000 INFO  [o.n.k.i.DiagnosticsManager]:   PropertyStore: used=0 high=-1
2015-06-22 22:51:54.362+0000 INFO  [o.n.k.i.DiagnosticsManager]:   PropertyIndexStore: used=0 high=-1
2015-06-22 22:51:54.362+0000 INFO  [o.n.k.i.DiagnosticsManager]:   StringPropertyStore: used=1 high=0
2015-06-22 22:51:54.364+0000 INFO  [o.n.k.i.DiagnosticsManager]:   ArrayPropertyStore: used=1 high=0
2015-06-22 22:51:54.364+0000 INFO  [o.n.k.i.DiagnosticsManager]:   RelationshipGroupStore: used=1 high=0
2015-06-22 22:51:54.364+0000 INFO  [o.n.k.i.DiagnosticsManager]: --- STARTED diagnostics for NEO_STORE_ID_USAGE END ---
2015-06-22 22:51:54.364+0000 INFO  [o.n.k.i.DiagnosticsManager]: --- STARTED diagnostics for PERSISTENCE_WINDOW_POOL_STATS START ---
2015-06-22 22:51:54.364+0000 INFO  [o.n.k.i.DiagnosticsManager]: --- STARTED diagnostics for PERSISTENCE_WINDOW_POOL_STATS END ---
2015-06-22 22:51:54.365+0000 INFO  [o.n.k.i.DiagnosticsManager]: --- STARTED diagnostics for KernelDiagnostics:StoreFiles START ---
2015-06-22 22:51:54.366+0000 INFO  [o.n.k.i.DiagnosticsManager]: Disk space on partition (Total / Free / Free %): 59939692544 / 58771361792 / 98
Storage files: (filename : modification date - size)
2015-06-22 22:51:54.368+0000 INFO  [o.n.k.i.DiagnosticsManager]:   active_tx_log: 2015-06-22T22:51:54+0000 - 11.00 B
2015-06-22 22:51:54.368+0000 INFO  [o.n.k.i.DiagnosticsManager]:   index:
2015-06-22 22:51:54.368+0000 INFO  [o.n.k.i.DiagnosticsManager]:     lucene-store.db: 2015-06-22T22:51:54+0000 - 40.00 B
2015-06-22 22:51:54.368+0000 INFO  [o.n.k.i.DiagnosticsManager]:     lucene.log.1: 2015-06-22T22:51:54+0000 - 16.00 B
2015-06-22 22:51:54.369+0000 INFO  [o.n.k.i.DiagnosticsManager]:     lucene.log.active: 2015-06-22T22:51:54+0000 - 4.00 B
2015-06-22 22:51:54.369+0000 INFO  [o.n.k.i.DiagnosticsManager]:   - Total: 2015-06-22T22:51:54+0000 - 60.00 B
2015-06-22 22:51:54.369+0000 INFO  [o.n.k.i.DiagnosticsManager]:   lock: 2015-06-22T22:51:53+0000 - 0.00 B
2015-06-22 22:51:54.369+0000 INFO  [o.n.k.i.DiagnosticsManager]:   messages.log: 2015-06-22T22:51:54+0000 - 42.56 kB
2015-06-22 22:51:54.370+0000 INFO  [o.n.k.i.DiagnosticsManager]:   neostore: 2015-06-22T22:51:53+0000 - 81.00 B
2015-06-22 22:51:54.370+0000 INFO  [o.n.k.i.DiagnosticsManager]:   neostore.id: 2015-06-22T22:51:53+0000 - 9.00 B
2015-06-22 22:51:54.370+0000 INFO  [o.n.k.i.DiagnosticsManager]:   neostore.labeltokenstore.db: 2015-06-22T22:51:53+0000 - 0.00 B
2015-06-22 22:51:54.370+0000 INFO  [o.n.k.i.DiagnosticsManager]:   neostore.labeltokenstore.db.id: 2015-06-22T22:51:53+0000 - 9.00 B
2015-06-22 22:51:54.371+0000 INFO  [o.n.k.i.DiagnosticsManager]:   neostore.labeltokenstore.db.names: 2015-06-22T22:51:53+0000 - 38.00 B
2015-06-22 22:51:54.371+0000 INFO  [o.n.k.i.DiagnosticsManager]:   neostore.labeltokenstore.db.names.id: 2015-06-22T22:51:53+0000 - 9.00 B
2015-06-22 22:51:54.371+0000 INFO  [o.n.k.i.DiagnosticsManager]:   neostore.nodestore.db: 2015-06-22T22:51:53+0000 - 0.00 B
2015-06-22 22:51:54.371+0000 INFO  [o.n.k.i.DiagnosticsManager]:   neostore.nodestore.db.id: 2015-06-22T22:51:53+0000 - 9.00 B
2015-06-22 22:51:54.372+0000 INFO  [o.n.k.i.DiagnosticsManager]:   neostore.nodestore.db.labels: 2015-06-22T22:51:53+0000 - 68.00 B
2015-06-22 22:51:54.372+0000 INFO  [o.n.k.i.DiagnosticsManager]:   neostore.nodestore.db.labels.id: 2015-06-22T22:51:53+0000 - 9.00 B
2015-06-22 22:51:54.372+0000 INFO  [o.n.k.i.DiagnosticsManager]:   neostore.propertystore.db: 2015-06-22T22:51:53+0000 - 0.00 B
2015-06-22 22:51:54.372+0000 INFO  [o.n.k.i.DiagnosticsManager]:   neostore.propertystore.db.arrays: 2015-06-22T22:51:53+0000 - 128.00 B
2015-06-22 22:51:54.373+0000 INFO  [o.n.k.i.DiagnosticsManager]:   neostore.propertystore.db.arrays.id: 2015-06-22T22:51:53+0000 - 9.00 B
2015-06-22 22:51:54.373+0000 INFO  [o.n.k.i.DiagnosticsManager]:   neostore.propertystore.db.id: 2015-06-22T22:51:53+0000 - 9.00 B
2015-06-22 22:51:54.373+0000 INFO  [o.n.k.i.DiagnosticsManager]:   neostore.propertystore.db.index: 2015-06-22T22:51:53+0000 - 0.00 B
2015-06-22 22:51:54.374+0000 INFO  [o.n.k.i.DiagnosticsManager]:   neostore.propertystore.db.index.id: 2015-06-22T22:51:53+0000 - 9.00 B
2015-06-22 22:51:54.374+0000 INFO  [o.n.k.i.DiagnosticsManager]:   neostore.propertystore.db.index.keys: 2015-06-22T22:51:53+0000 - 38.00 B
2015-06-22 22:51:54.374+0000 INFO  [o.n.k.i.DiagnosticsManager]:   neostore.propertystore.db.index.keys.id: 2015-06-22T22:51:53+0000 - 9.00 B
2015-06-22 22:51:54.374+0000 INFO  [o.n.k.i.DiagnosticsManager]:   neostore.propertystore.db.strings: 2015-06-22T22:51:53+0000 - 128.00 B
2015-06-22 22:51:54.375+0000 INFO  [o.n.k.i.DiagnosticsManager]:   neostore.propertystore.db.strings.id: 2015-06-22T22:51:53+0000 - 9.00 B
2015-06-22 22:51:54.375+0000 INFO  [o.n.k.i.DiagnosticsManager]:   neostore.relationshipgroupstore.db: 2015-06-22T22:51:53+0000 - 25.00 B
2015-06-22 22:51:54.375+0000 INFO  [o.n.k.i.DiagnosticsManager]:   neostore.relationshipgroupstore.db.id: 2015-06-22T22:51:53+0000 - 9.00 B
2015-06-22 22:51:54.375+0000 INFO  [o.n.k.i.DiagnosticsManager]:   neostore.relationshipstore.db: 2015-06-22T22:51:53+0000 - 0.00 B
2015-06-22 22:51:54.375+0000 INFO  [o.n.k.i.DiagnosticsManager]:   neostore.relationshipstore.db.id: 2015-06-22T22:51:53+0000 - 9.00 B
2015-06-22 22:51:54.376+0000 INFO  [o.n.k.i.DiagnosticsManager]:   neostore.relationshiptypestore.db: 2015-06-22T22:51:53+0000 - 0.00 B
2015-06-22 22:51:54.376+0000 INFO  [o.n.k.i.DiagnosticsManager]:   neostore.relationshiptypestore.db.id: 2015-06-22T22:51:53+0000 - 9.00 B
2015-06-22 22:51:54.376+0000 INFO  [o.n.k.i.DiagnosticsManager]:   neostore.relationshiptypestore.db.names: 2015-06-22T22:51:53+0000 - 38.00 B
2015-06-22 22:51:54.377+0000 INFO  [o.n.k.i.DiagnosticsManager]:   neostore.relationshiptypestore.db.names.id: 2015-06-22T22:51:53+0000 - 9.00 B
2015-06-22 22:51:54.377+0000 INFO  [o.n.k.i.DiagnosticsManager]:   neostore.schemastore.db: 2015-06-22T22:51:53+0000 - 64.00 B
2015-06-22 22:51:54.377+0000 INFO  [o.n.k.i.DiagnosticsManager]:   neostore.schemastore.db.id: 2015-06-22T22:51:53+0000 - 9.00 B
2015-06-22 22:51:54.377+0000 INFO  [o.n.k.i.DiagnosticsManager]:   nioneo_logical.log.1: 2015-06-22T22:51:54+0000 - 16.00 B
2015-06-22 22:51:54.378+0000 INFO  [o.n.k.i.DiagnosticsManager]:   nioneo_logical.log.active: 2015-06-22T22:51:54+0000 - 4.00 B
2015-06-22 22:51:54.378+0000 INFO  [o.n.k.i.DiagnosticsManager]:   schema:
2015-06-22 22:51:54.378+0000 INFO  [o.n.k.i.DiagnosticsManager]:     label:
2015-06-22 22:51:54.378+0000 INFO  [o.n.k.i.DiagnosticsManager]:       lucene:
2015-06-22 22:51:54.378+0000 INFO  [o.n.k.i.DiagnosticsManager]:         write.lock: 2015-06-22T22:51:54+0000 - 0.00 B
2015-06-22 22:51:54.379+0000 INFO  [o.n.k.i.DiagnosticsManager]:       - Total: 2015-06-22T22:51:54+0000 - 0.00 B
2015-06-22 22:51:54.379+0000 INFO  [o.n.k.i.DiagnosticsManager]:     - Total: 2015-06-22T22:51:53+0000 - 0.00 B
2015-06-22 22:51:54.379+0000 INFO  [o.n.k.i.DiagnosticsManager]:   - Total: 2015-06-22T22:51:53+0000 - 0.00 B
2015-06-22 22:51:54.379+0000 INFO  [o.n.k.i.DiagnosticsManager]:   store_lock: 2015-06-22T22:51:53+0000 - 0.00 B
2015-06-22 22:51:54.380+0000 INFO  [o.n.k.i.DiagnosticsManager]:   tm_tx_log.1: 2015-06-22T22:51:54+0000 - 0.00 B
2015-06-22 22:51:54.380+0000 INFO  [o.n.k.i.DiagnosticsManager]: --- STARTED diagnostics for KernelDiagnostics:StoreFiles END ---
2015-06-22 22:51:54.428+0000 INFO  [o.n.k.EmbeddedGraphDatabase]: Database is now ready
2015-06-22 22:51:54.769+0000 INFO  [o.n.s.d.LifecycleManagingDatabase]: Successfully started database
2015-06-22 22:51:54.770+0000 INFO  [o.n.k.i.DiagnosticsManager]: --- SERVER STARTED START ---
2015-06-22 22:51:54.852+0000 INFO  [o.n.s.e.EnterpriseNeoServer]: Starting HTTP on port :7474 with 20 threads available
2015-06-22 22:51:55.094+0000 INFO  [o.n.s.e.EnterpriseNeoServer]: Enabling HTTPS on port :7473
2015-06-22 22:51:55.095+0000 INFO  [o.n.s.e.EnterpriseNeoServer]: No SSL certificate found, generating a self-signed certificate..
2015-06-22 22:51:55.418+0000 INFO  [o.n.k.i.DiagnosticsManager]: --- STARTED diagnostics for org.neo4j.server.configuration.Configurator START ---
2015-06-22 22:51:55.420+0000 INFO  [o.n.k.i.DiagnosticsManager]: Server configuration:
2015-06-22 22:51:55.423+0000 INFO  [o.n.k.i.DiagnosticsManager]: org.neo4j.server.database.location = data/udo.db
2015-06-22 22:51:55.423+0000 INFO  [o.n.k.i.DiagnosticsManager]: org.neo4j.server.webserver.address = 172.17.0.2
2015-06-22 22:51:55.424+0000 INFO  [o.n.k.i.DiagnosticsManager]: org.neo4j.server.webserver.port = 7474
2015-06-22 22:51:55.425+0000 INFO  [o.n.k.i.DiagnosticsManager]: org.neo4j.server.webserver.https.enabled = true
2015-06-22 22:51:55.425+0000 INFO  [o.n.k.i.DiagnosticsManager]: org.neo4j.server.webserver.https.port = 7473
2015-06-22 22:51:55.426+0000 INFO  [o.n.k.i.DiagnosticsManager]: org.neo4j.server.webserver.https.cert.location = conf/ssl/snakeoil.cert
2015-06-22 22:51:55.426+0000 INFO  [o.n.k.i.DiagnosticsManager]: org.neo4j.server.webserver.https.key.location = conf/ssl/snakeoil.key
2015-06-22 22:51:55.426+0000 INFO  [o.n.k.i.DiagnosticsManager]: org.neo4j.server.webserver.https.keystore.location = data/keystore
2015-06-22 22:51:55.426+0000 INFO  [o.n.k.i.DiagnosticsManager]: org.neo4j.server.webadmin.rrdb.location = data/rrd
2015-06-22 22:51:55.427+0000 INFO  [o.n.k.i.DiagnosticsManager]: org.neo4j.server.db.tuning.properties = conf/neo4j.properties
2015-06-22 22:51:55.427+0000 INFO  [o.n.k.i.DiagnosticsManager]: org.neo4j.server.manage.console_engines = shell
2015-06-22 22:51:55.427+0000 INFO  [o.n.k.i.DiagnosticsManager]: org.neo4j.server.http.log.enabled = false
2015-06-22 22:51:55.427+0000 INFO  [o.n.k.i.DiagnosticsManager]: org.neo4j.server.http.log.config = conf/neo4j-http-logging.xml
2015-06-22 22:51:55.427+0000 INFO  [o.n.k.i.DiagnosticsManager]: org.neo4j.server.webadmin.management.uri = /db/manage/
2015-06-22 22:51:55.427+0000 INFO  [o.n.k.i.DiagnosticsManager]: org.neo4j.server.webadmin.data.uri = /db/data/
2015-06-22 22:51:55.427+0000 INFO  [o.n.k.i.DiagnosticsManager]: --- STARTED diagnostics for org.neo4j.server.configuration.Configurator END ---
2015-06-22 22:51:55.431+0000 INFO  [o.n.s.w.r.MasterInfoServerModule]: Mounted REST API at: /db/manage/
2015-06-22 22:51:55.435+0000 INFO  [o.n.s.m.DiscoveryModule]: Mounted discovery module at [/]
2015-06-22 22:51:55.441+0000 INFO  [o.n.s.m.RESTApiModule]: Mounted REST API at [/db/data/]
2015-06-22 22:51:55.443+0000 INFO  [o.n.s.m.ManagementApiModule]: Mounted management API at [/db/manage/]
2015-06-22 22:51:55.444+0000 INFO  [o.n.s.m.WebAdminModule]: Mounted webadmin at [/webadmin]
2015-06-22 22:51:55.444+0000 INFO  [o.n.s.m.Neo4jBrowserModule]: Mounted Neo4j Browser at [/browser]
2015-06-22 22:51:55.499+0000 INFO  [o.n.s.w.Jetty9WebServer]: Mounting static content at [/webadmin] from [webadmin-html]
2015-06-22 22:51:55.554+0000 INFO  [o.n.s.w.Jetty9WebServer]: Mounting static content at [/browser] from [browser]
2015-06-22 22:51:56.811+0000 INFO  [o.n.s.e.EnterpriseNeoServer]: Server started on: http://172.17.0.2:7474/
2015-06-22 22:51:56.812+0000 INFO  [o.n.s.e.EnterpriseNeoServer]: Remote interface ready and available at [http://172.17.0.2:7474/]
2015-06-22 22:51:56.812+0000 INFO  [o.n.k.i.DiagnosticsManager]: --- SERVER STARTED END ---
2015-06-22 23:21:54.994+0000 INFO  [o.n.k.i.a.i.IndexPopulationJob]: Index population started: [:ServiceProvider(serviceId) [provider: {key=lucene, version=1.0}]]
2015-06-22 23:21:55.025+0000 INFO  [o.n.k.i.a.i.IndexPopulationJob]: Index population completed. Index is now online: [:ServiceProvider(serviceId) [provider: {key=lucene, version=1.0}]]
2015-06-22 23:21:55.104+0000 INFO  [o.n.k.i.a.i.IndexPopulationJob]: Index population started: [:Service(serviceId) [provider: {key=lucene, version=1.0}]]
2015-06-22 23:21:55.125+0000 INFO  [o.n.k.i.a.i.IndexPopulationJob]: Index population completed. Index is now online: [:Service(serviceId) [provider: {key=lucene, version=1.0}]]
2015-06-22 23:21:55.214+0000 INFO  [o.n.k.i.a.i.IndexPopulationJob]: Index population started: [:Role(roleId) [provider: {key=lucene, version=1.0}]]
2015-06-22 23:21:55.241+0000 INFO  [o.n.k.i.a.i.IndexPopulationJob]: Index population completed. Index is now online: [:Role(roleId) [provider: {key=lucene, version=1.0}]]
2015-06-22 23:21:55.340+0000 INFO  [o.n.k.i.a.i.IndexPopulationJob]: Index population started: [:Account(username) [provider: {key=lucene, version=1.0}]]
2015-06-22 23:21:55.359+0000 INFO  [o.n.k.i.a.i.IndexPopulationJob]: Index population completed. Index is now online: [:Account(username) [provider: {key=lucene, version=1.0}]]
2015-06-22 23:21:55.452+0000 INFO  [o.n.k.i.a.i.IndexPopulationJob]: Index population started: [:Person(email) [provider: {key=lucene, version=1.0}]]
2015-06-22 23:21:55.473+0000 INFO  [o.n.k.i.a.i.IndexPopulationJob]: Index population completed. Index is now online: [:Person(email) [provider: {key=lucene, version=1.0}]]
2015-06-22 23:21:55.577+0000 INFO  [o.n.k.i.a.i.IndexPopulationJob]: Index population started: [:CostCenter(code) [provider: {key=lucene, version=1.0}]]
2015-06-22 23:21:55.603+0000 INFO  [o.n.k.i.a.i.IndexPopulationJob]: Index population completed. Index is now online: [:CostCenter(code) [provider: {key=lucene, version=1.0}]]
2015-06-22 23:21:55.700+0000 INFO  [o.n.k.i.a.i.IndexPopulationJob]: Index population started: [:Company(companyId) [provider: {key=lucene, version=1.0}]]
2015-06-22 23:21:55.714+0000 INFO  [o.n.k.i.a.i.IndexPopulationJob]: Index population completed. Index is now online: [:Company(companyId) [provider: {key=lucene, version=1.0}]]
2015-06-22 23:21:56.216+0000 INFO  [o.n.k.i.a.i.IndexPopulationJob]: Index population started: [:CPShipmentInfo(shippingId) [provider: {key=lucene, version=1.0}]]
2015-06-22 23:21:56.231+0000 INFO  [o.n.k.i.a.i.IndexPopulationJob]: Index population completed. Index is now online: [:CPShipmentInfo(shippingId) [provider: {key=lucene, version=1.0}]]
2015-06-22 23:21:56.450+0000 INFO  [o.n.k.i.a.i.IndexPopulationJob]: Index population started: [:CPPrice(shippingId) [provider: {key=lucene, version=1.0}]]
2015-06-22 23:21:56.472+0000 INFO  [o.n.k.i.a.i.IndexPopulationJob]: Index population completed. Index is now online: [:CPPrice(shippingId) [provider: {key=lucene, version=1.0}]]
2015-06-22 23:21:56.701+0000 INFO  [o.n.k.i.a.i.IndexPopulationJob]: Index population started: [:CPShipment(GroupIdOrTransmitShipment) [provider: {key=lucene, version=1.0}]]
2015-06-22 23:21:56.725+0000 INFO  [o.n.k.i.a.i.IndexPopulationJob]: Index population completed. Index is now online: [:CPShipment(GroupIdOrTransmitShipment) [provider: {key=lucene, version=1.0}]]
2015-06-22 23:21:56.821+0000 INFO  [o.n.k.i.a.i.IndexPopulationJob]: Index population started: [:CPShipment(shippingId) [provider: {key=lucene, version=1.0}]]
2015-06-22 23:21:56.845+0000 INFO  [o.n.k.i.a.i.IndexPopulationJob]: Index population completed. Index is now online: [:CPShipment(shippingId) [provider: {key=lucene, version=1.0}]]
2015-06-22 23:21:57.600+0000 INFO  [o.n.k.i.a.i.IndexPopulationJob]: Index population started: [:ShipmentPrice(shipmentId) [provider: {key=lucene, version=1.0}]]
2015-06-22 23:21:57.613+0000 INFO  [o.n.k.i.a.i.IndexPopulationJob]: Index population completed. Index is now online: [:ShipmentPrice(shipmentId) [provider: {key=lucene, version=1.0}]]
2015-06-23 07:14:16.662+0000 WARN  [o.n.k.EmbeddedGraphDatabase]: GC Monitor: Application threads blocked for 219ms.
2015-06-23 12:58:33.751+0000 WARN  [o.n.k.EmbeddedGraphDatabase]: GC Monitor: Application threads blocked for 283ms.
2015-06-24 18:24:38.627+0000 WARN  [o.n.k.EmbeddedGraphDatabase]: GC Monitor: Application threads blocked for 363ms.
2015-07-08 23:56:33.212+0000 WARN  [o.n.k.EmbeddedGraphDatabase]: GC Monitor: Application threads blocked for 203ms.
2015-07-09 22:24:12.869+0000 INFO  [o.n.k.i.a.i.IndexPopulationJob]: Index population started: [:AccountSettings(username) [provider: {key=lucene, version=1.0}]]
2015-07-09 22:24:12.904+0000 INFO  [o.n.k.i.a.i.IndexPopulationJob]: Index population completed. Index is now online: [:AccountSettings(username) [provider: {key=lucene, version=1.0}]]
2015-07-14 02:12:04.755+0000 INFO  [o.n.k.i.a.i.IndexPopulationJob]: Index population started: [:Company(name) [provider: {key=lucene, version=1.0}]]
2015-07-14 02:12:04.789+0000 INFO  [o.n.k.i.a.i.IndexPopulationJob]: Index population completed. Index is now online: [:Company(name) [provider: {key=lucene, version=1.0}]]
